Train Iter 0, 14.113642, 8.873131, 2.751
Train Iter 1, 13.850901, 9.372351, 0.196
Train Iter 2, 13.336190, 9.506651, 0.189
Train Iter 3, 12.921968, 9.785851, 0.184
Train Iter 4, 12.615222, 9.242838, 0.187
Train Iter 5, 12.101954, 9.643827, 0.182
Train Iter 6, 11.665913, 7.648648, 0.182
Train Iter 7, 11.430673, 6.337150, 0.188
Train Iter 8, 11.229251, 7.476560, 0.187
Train Iter 9, 10.930413, 8.992836, 0.185
Train Iter 10, 10.838299, 10.237460, 0.168
Train Iter 11, 10.515062, 7.079515, 0.188
Train Iter 12, 10.428669, 9.506769, 0.168
Train Iter 13, 10.383406, 9.784960, 0.187
Train Iter 14, 10.176147, 9.373045, 0.186
Train Iter 15, 10.123253, 6.397388, 0.187
Train Iter 16, 10.093845, 9.931860, 0.174
Train Iter 17, 9.916488, 6.789786, 0.187
Train Iter 18, 9.850195, 7.004382, 0.187
Train Iter 19, 9.759217, 7.154841, 0.187
Train Iter 20, 9.973876, 8.422375, 0.193
Train Iter 21, 9.855473, 9.785440, 0.180
Train Iter 22, 9.829060, 9.931681, 0.176
Train Iter 23, 9.650785, 7.311738, 0.174
Train Iter 24, 9.671280, 6.858978, 0.183
Train Iter 25, 9.723904, 8.991931, 0.184
Train Iter 26, 9.785169, 8.991785, 0.190
Train Iter 27, 9.653275, 6.930663, 0.190
Train Iter 28, 9.696634, 10.081488, 0.175
Train Iter 29, 9.531516, 7.078011, 0.187
Train Iter 30, 9.597479, 6.788935, 0.188
Train Iter 31, 9.567038, 6.653098, 0.187
Train Iter 32, 9.643266, 8.991446, 0.188
Train Iter 33, 9.642373, 9.371232, 0.191
Train Iter 34, 9.471391, 7.003769, 0.188
Train Iter 35, 9.546977, 7.153600, 0.184
Train Iter 36, 9.598572, 9.784882, 0.188
Train Iter 37, 9.703762, 8.529557, 0.188
Train Iter 38, 9.568043, 8.754450, 0.187
Train Iter 39, 9.470035, 7.077034, 0.189
Train Iter 40, 9.470517, 9.930787, 0.173
Train Iter 41, 9.597965, 9.504458, 0.187
Train Iter 42, 9.431477, 7.391277, 0.188
Train Iter 43, 9.417884, 6.928777, 0.184
Train Iter 44, 9.478299, 8.870988, 0.187
Train Iter 45, 9.452336, 9.371119, 0.188
Train Iter 46, 9.448083, 6.857511, 0.184
Train Iter 47, 9.372057, 6.586826, 0.187
Train Iter 48, 9.341045, 7.230227, 0.191
Train Iter 49, 9.326916, 6.275151, 0.186
Train Iter 50, 9.372973, 9.114404, 0.187
Train Iter 51, 9.210881, 7.152697, 0.188
Train Iter 52, 9.398684, 9.503805, 0.188
Train Iter 53, 9.328161, 6.521319, 0.186
Train Iter 54, 9.166648, 6.929316, 0.191
Train Iter 55, 9.205128, 7.230459, 0.191
Train Iter 56, 9.095318, 7.391589, 0.173
Train Iter 57, 9.139089, 7.474223, 0.187
Train Iter 58, 9.108919, 6.856699, 0.186
Train Iter 59, 9.016286, 6.787150, 0.185
Train Iter 60, 9.106448, 9.112213, 0.185
Train Iter 61, 8.951617, 9.112572, 0.191
Train Iter 62, 8.875013, 6.787199, 0.187
Train Iter 63, 8.753005, 6.786783, 0.187
Train Iter 64, 8.767410, 9.112183, 0.191
Train Iter 65, 8.548679, 6.856421, 0.186
Train Iter 66, 8.376702, 7.558343, 0.185
Train Iter 67, 8.138113, 7.076643, 0.185
Train Iter 68, 8.018172, 9.239838, 0.194
Train Iter 69, 7.780036, 7.000828, 0.184
Train Iter 70, 7.391139, 7.075592, 0.183
Train Iter 71, 7.155970, 6.455072, 0.185
Train Iter 72, 6.660820, 7.473161, 0.184
Train Iter 73, 6.196628, 6.856360, 0.185
Train Iter 74, 5.526618, 7.308711, 0.173
Train Iter 75, 5.005177, 9.502274, 0.188
Train Iter 76, 4.191716, 9.368265, 0.191
Train Iter 77, 3.591563, 6.786189, 0.187
Train Iter 78, 2.992669, 9.928771, 0.172
Train Iter 79, 2.329691, 8.418314, 0.187
Train Iter 80, 2.092033, 7.824790, 0.188
Train Iter 81, 1.737423, 9.237712, 0.187
Train Iter 82, 1.576830, 6.649786, 0.187
Train Iter 83, 1.232634, 6.455474, 0.191
Train Iter 84, 1.232176, 7.001050, 0.187
Train Iter 85, 0.928843, 8.312445, 0.191
Train Iter 86, 1.045109, 6.854944, 0.188
Train Iter 87, 0.962495, 6.784978, 0.187
Train Iter 88, 0.912552, 6.518771, 0.189
Train Iter 89, 0.756778, 9.781366, 0.188
Train Iter 90, 0.691429, 8.311775, 0.189
Train Iter 91, 0.862962, 7.472120, 0.187
Train Iter 92, 0.799644, 6.517908, 0.188
Train Iter 93, 0.698693, 9.109906, 0.188
Train Iter 94, 0.610042, 8.207976, 0.188
Train Iter 95, 0.767530, 9.928722, 0.173
Train Iter 96, 0.694760, 9.236566, 0.187
Train Iter 97, 0.758367, 7.073960, 0.187
Train Iter 98, 0.755420, 6.854925, 0.187
Train Iter 99, 0.623029, 8.986589, 0.187
Train Iter 100, 0.591267, 9.638639, 0.188
Train Iter 101, 0.810579, 6.999557, 0.188
Train Iter 102, 0.627545, 8.987070, 0.190
Train Iter 103, 0.727218, 6.925935, 0.188
Train Iter 104, 0.639329, 7.226323, 0.187
Train Iter 105, 0.482645, 9.365568, 0.188
Train Iter 106, 0.611663, 6.647332, 0.187
Train Iter 107, 0.729194, 7.643299, 0.173
Train Iter 108, 0.688554, 6.784278, 0.187
Train Iter 109, 0.600274, 7.072440, 0.192
Train Iter 110, 0.514502, 9.108595, 0.188
Train Iter 111, 0.568855, 6.852677, 0.188
Train Iter 112, 0.648174, 7.470210, 0.184
Train Iter 113, 0.631050, 6.996835, 0.188
Train Iter 114, 0.705995, 7.388130, 0.173
Train Iter 115, 0.701738, 7.387885, 0.173
Train Iter 116, 0.705645, 6.997821, 0.187
Train Iter 117, 0.713719, 6.998298, 0.188
Train Iter 118, 0.440435, 9.108039, 0.188
Train Iter 119, 0.612947, 6.781842, 0.186
Train Iter 120, 0.419716, 9.498456, 0.184
Train Iter 121, 0.390379, 8.983118, 0.184
Train Iter 122, 0.606482, 6.923161, 0.182
Train Iter 123, 0.605933, 6.646797, 0.182
Train Iter 124, 0.660992, 7.386699, 0.170
Train Iter 125, 0.671942, 7.470136, 0.170
Train Iter 126, 0.587782, 6.515139, 0.183
Train Iter 127, 0.448579, 8.105074, 0.187
Train Iter 128, 0.605325, 6.781182, 0.187
Train Iter 129, 0.644701, 7.071557, 0.174
Train Iter 130, 0.561164, 7.554110, 0.189
Train Iter 131, 0.535634, 6.450843, 0.184
Train Iter 132, 0.441852, 8.632904, 0.188
Train Iter 133, 0.639834, 7.147345, 0.172
Train Iter 134, 0.518052, 9.107376, 0.187
Train Iter 135, 0.440834, 8.861879, 0.184
Train Iter 136, 0.658942, 6.922926, 0.185
Train Iter 137, 0.439182, 9.362403, 0.184
Train Iter 138, 0.514084, 9.106307, 0.183
Train Iter 139, 0.617797, 6.711591, 0.186
Train Iter 140, 0.555700, 7.145547, 0.184
Train Iter 141, 0.523474, 6.921231, 0.183
Train Iter 142, 0.542433, 10.229381, 0.171
Train Iter 143, 0.584830, 6.512953, 0.189
Train Iter 144, 0.602451, 6.994601, 0.187
Train Iter 145, 0.451696, 9.775973, 0.187
Train Iter 146, 0.459205, 9.105806, 0.189
Train Iter 147, 0.450473, 9.103978, 0.187
Train Iter 148, 0.568855, 7.068728, 0.192
Train Iter 149, 0.568339, 7.383319, 0.187
Train Iter 150, 0.696543, 7.303566, 0.174
Train Iter 151, 0.499682, 9.103520, 0.189
Train Iter 152, 0.456397, 9.633019, 0.188
Train Iter 153, 0.427043, 8.629540, 0.188
Train Iter 154, 0.438195, 9.361143, 0.188
Train Iter 155, 0.463826, 10.387957, 0.174
Train Iter 156, 0.437306, 9.103213, 0.187
Train Iter 157, 0.590856, 6.777740, 0.188
Train Iter 158, 0.462678, 9.775217, 0.174
Train Iter 159, 0.408010, 8.201198, 0.187
Train Iter 160, 0.444844, 9.103331, 0.189
Train Iter 161, 0.469530, 9.775644, 0.174
Train Iter 162, 0.384500, 10.225535, 0.190
Train Iter 163, 0.657495, 6.992174, 0.187
Train Iter 164, 0.457193, 9.231001, 0.188
Train Iter 165, 0.573516, 6.919023, 0.186
Train Iter 166, 0.479288, 9.774423, 0.174
Train Iter 167, 0.490117, 8.743278, 0.183
Train Iter 168, 0.690301, 7.465821, 0.174
Train Iter 169, 0.458535, 9.631565, 0.184
Train Iter 170, 0.459024, 9.494173, 0.169
Train Iter 171, 0.470306, 10.550726, 0.170
Train Iter 172, 0.534155, 9.361236, 0.173
Train Iter 173, 0.488310, 8.859067, 0.188
Train Iter 174, 0.643340, 6.707460, 0.187
Train Iter 175, 0.651842, 6.990988, 0.186
Train Iter 176, 0.483151, 8.857337, 0.188
Train Iter 177, 0.566453, 6.844921, 0.184
Train Iter 178, 0.583032, 7.219182, 0.183
Train Iter 179, 0.422998, 9.226108, 0.186
Train Iter 180, 0.522235, 6.382390, 0.185
Train Iter 181, 0.506362, 7.217484, 0.187
Train Iter 182, 0.439696, 9.358280, 0.192
Train Iter 183, 0.531318, 9.631716, 0.177
Train Iter 184, 0.618794, 7.141198, 0.174
Train Iter 185, 0.515296, 10.720486, 0.173
Train Iter 186, 0.474022, 10.224153, 0.174
Train Iter 187, 0.629876, 7.379266, 0.174
Train Iter 188, 0.599850, 6.915815, 0.187
Train Iter 189, 0.649586, 7.140604, 0.188
Train Iter 190, 0.652248, 6.988701, 0.184
Train Iter 191, 0.385583, 9.916871, 0.183
Train Iter 192, 0.420855, 9.224081, 0.185
Train Iter 193, 0.477342, 8.976248, 0.187
Train Iter 194, 0.465909, 9.628283, 0.175
Train Iter 195, 0.609553, 6.914965, 0.187
Train Iter 196, 0.580546, 6.636744, 0.187
Train Iter 197, 0.348099, 8.297777, 0.187
Train Iter 198, 0.452680, 9.628191, 0.186
Train Iter 199, 0.579065, 6.913824, 0.183
Train Iter 200, 0.423460, 9.225052, 0.184
Train Iter 201, 0.576052, 6.987523, 0.203
Train Iter 202, 0.521416, 10.067482, 0.182
Train Iter 203, 0.594933, 7.137420, 0.189
Train Iter 204, 0.627762, 7.632314, 0.172
Train Iter 205, 0.448932, 9.355223, 0.183
Train Iter 206, 0.612043, 6.987468, 0.189
Train Iter 207, 0.490551, 9.224745, 0.189
Train Iter 208, 0.436318, 9.488434, 0.186
Train Iter 209, 0.653573, 7.458491, 0.190
Train Iter 210, 0.477958, 8.734875, 0.186
Train Iter 211, 0.405725, 8.851412, 0.188
Train Iter 212, 0.474942, 9.095106, 0.187
Train Iter 213, 0.454793, 9.913950, 0.173
Train Iter 214, 0.519935, 10.065836, 0.174
Train Iter 215, 0.554564, 7.293469, 0.186
Train Iter 216, 0.454470, 10.219500, 0.174
Train Iter 217, 0.574419, 6.567414, 0.187
Train Iter 218, 0.682979, 7.459210, 0.173
Train Iter 219, 0.623573, 7.458477, 0.174
Train Iter 220, 0.536574, 6.439024, 0.188
Train Iter 221, 0.510497, 9.487870, 0.169
Train Iter 222, 0.610483, 7.374628, 0.186
Train Iter 223, 0.502699, 6.630980, 0.189
Train Iter 224, 0.431927, 9.093140, 0.187
Train Iter 225, 0.344975, 8.090931, 0.189
Train Iter 226, 0.488226, 8.970758, 0.191
Train Iter 227, 0.580604, 6.909190, 0.188
Train Iter 228, 0.518542, 9.766361, 0.177
Train Iter 229, 0.375159, 8.968547, 0.187
Train Iter 230, 0.448983, 9.623716, 0.184
Train Iter 231, 0.464881, 9.912141, 0.174
Train Iter 232, 0.538658, 7.056782, 0.188
Train Iter 233, 0.523971, 10.379115, 0.171
Train Iter 234, 0.516631, 6.499290, 0.188
Train Iter 235, 0.472797, 8.731842, 0.183
Train Iter 236, 0.645182, 6.908582, 0.186
Train Iter 237, 0.389079, 10.060190, 0.184
Train Iter 238, 0.603486, 7.209911, 0.184
Train Iter 239, 0.582831, 7.055894, 0.187
Train Iter 240, 0.461059, 9.482944, 0.174
Train Iter 241, 0.523212, 10.217699, 0.172
Train Iter 242, 0.380021, 9.620054, 0.186
Train Iter 243, 0.613256, 7.807003, 0.173
Train Iter 244, 0.546714, 7.130461, 0.187
Train Iter 245, 0.535189, 6.764231, 0.189
Train Iter 246, 0.449140, 9.762539, 0.174
Train Iter 247, 0.603022, 7.209031, 0.192
Train Iter 248, 0.576542, 7.130665, 0.184
Train Iter 249, 0.447452, 9.482521, 0.189
Train Iter 250, 0.435902, 8.967461, 0.188
Train Iter 251, 0.373737, 9.344939, 0.188
Train Iter 252, 0.680689, 7.131294, 0.176
Train Iter 253, 0.430057, 10.057718, 0.183
Train Iter 254, 0.624157, 7.713541, 0.169
Train Iter 255, 0.680533, 7.288166, 0.169
Train Iter 256, 0.649671, 6.978208, 0.200
Train Iter 257, 0.516335, 9.761449, 0.170
Train Iter 258, 0.414800, 9.343386, 0.187
Train Iter 259, 0.507567, 9.761120, 0.169
Train Iter 260, 0.602437, 7.451181, 0.186
Train Iter 261, 0.471032, 8.963677, 0.187
Train Iter 262, 0.459616, 10.211565, 0.172
Train Iter 263, 0.432365, 9.087007, 0.189
Train Iter 264, 0.581327, 6.558960, 0.187
Train Iter 265, 0.459440, 10.055469, 0.173
Train Iter 266, 0.446369, 9.213591, 0.188
Train Iter 267, 0.581172, 6.831676, 0.189
Train Iter 268, 0.581119, 7.049421, 0.187
Train Iter 269, 0.447716, 9.904378, 0.170
Train Iter 270, 0.623414, 7.534338, 0.170
Train Iter 271, 0.431960, 9.083998, 0.184
Train Iter 272, 0.378145, 9.476696, 0.182
Train Iter 273, 0.548141, 7.283277, 0.186
Train Iter 274, 0.461525, 10.706987, 0.171
Train Iter 275, 0.475680, 9.475908, 0.185
Train Iter 276, 0.601805, 7.048697, 0.184
Train Iter 277, 0.473000, 9.209826, 0.185
Train Iter 278, 0.604608, 7.202418, 0.188
Train Iter 279, 0.539247, 6.900849, 0.189
Train Iter 280, 0.506346, 9.902893, 0.172
Train Iter 281, 0.556625, 6.899056, 0.189
Train Iter 282, 0.409086, 8.837435, 0.190
Train Iter 283, 0.620015, 7.708224, 0.173
Train Iter 284, 0.622857, 7.798842, 0.173
Train Iter 285, 0.408937, 9.080016, 0.184
Train Iter 286, 0.570448, 6.971810, 0.183
Train Iter 287, 0.469635, 9.081312, 0.185
Train Iter 288, 0.371981, 9.338010, 0.184
Train Iter 289, 0.483494, 9.081284, 0.189
Train Iter 290, 0.418495, 8.955515, 0.186
Train Iter 291, 0.544978, 7.443841, 0.184
Train Iter 292, 0.561595, 6.753900, 0.184
Train Iter 293, 0.499943, 6.296784, 0.185
Train Iter 294, 0.446476, 9.472332, 0.171
Train Iter 295, 0.340634, 8.490969, 0.185
Train Iter 296, 0.444763, 9.472456, 0.185
Train Iter 297, 0.678722, 7.986047, 0.175
Train Iter 298, 0.533286, 7.357870, 0.184
Train Iter 299, 0.538517, 6.969224, 0.183
Train Iter 300, 0.678623, 7.528756, 0.169
Train Iter 301, 0.513986, 10.365045, 0.171
Train Iter 302, 0.647436, 6.822399, 0.184
Train Iter 303, 0.371425, 9.077154, 0.189
Train Iter 304, 0.572684, 6.358054, 0.188
Train Iter 305, 0.371358, 9.467819, 0.190
Train Iter 306, 0.451203, 9.608880, 0.176
Train Iter 307, 0.427579, 9.076628, 0.191
Train Iter 308, 0.482541, 9.335132, 0.188
Train Iter 309, 0.561025, 6.614738, 0.187
Train Iter 310, 0.572490, 6.964988, 0.188
Train Iter 311, 0.647095, 6.891347, 0.188
Train Iter 312, 0.414578, 9.332479, 0.186
Train Iter 313, 0.448614, 9.893605, 0.173
Train Iter 314, 0.443979, 9.332769, 0.187
Train Iter 315, 0.441036, 9.747636, 0.187
Train Iter 316, 0.482156, 9.466204, 0.189
Train Iter 317, 0.384680, 9.745733, 0.191
Train Iter 318, 0.535692, 7.037314, 0.188
Train Iter 319, 0.459192, 10.526388, 0.173
Train Iter 320, 0.432216, 8.713476, 0.191
Train Iter 321, 0.395829, 8.827614, 0.187
Train Iter 322, 0.535606, 6.887431, 0.186
Train Iter 323, 0.618755, 7.521930, 0.169
Train Iter 324, 0.512883, 6.886507, 0.192
Train Iter 325, 0.623768, 7.192560, 0.168
Train Iter 326, 0.677821, 7.522413, 0.169
Train Iter 327, 0.644359, 6.960222, 0.186
Train Iter 328, 0.632848, 6.608552, 0.187
Train Iter 329, 0.566842, 6.673726, 0.187
Train Iter 330, 0.461626, 10.196907, 0.171
Train Iter 331, 0.398365, 8.593042, 0.187
Train Iter 332, 0.393304, 8.705733, 0.189
Train Iter 333, 0.479286, 8.942815, 0.188
Train Iter 334, 0.450004, 9.889879, 0.169
Train Iter 335, 0.555234, 6.539826, 0.183
Train Iter 336, 0.543885, 7.603525, 0.183
Train Iter 337, 0.479146, 9.192957, 0.184
Train Iter 338, 0.438018, 9.068715, 0.184
Train Iter 339, 0.589903, 6.882771, 0.187
Train Iter 340, 0.470489, 8.820410, 0.187
Train Iter 341, 0.483991, 9.323336, 0.187
Train Iter 342, 0.372319, 8.705381, 0.192
Train Iter 343, 0.566511, 6.471026, 0.187
Train Iter 344, 0.591383, 7.030460, 0.183
Train Iter 345, 0.576223, 6.807902, 0.188
Train Iter 346, 0.599881, 6.881845, 0.184
Train Iter 347, 0.515135, 10.518230, 0.170
Train Iter 348, 0.480838, 9.191957, 0.183
Train Iter 349, 0.576137, 6.737049, 0.182
Train Iter 350, 0.394856, 8.938751, 0.185
Train Iter 351, 0.392770, 8.366004, 0.182
Train Iter 352, 0.498697, 6.403296, 0.184
Train Iter 353, 0.411005, 8.816299, 0.183
Train Iter 354, 0.622930, 7.601592, 0.169
Train Iter 355, 0.516926, 9.596278, 0.172
Train Iter 356, 0.447250, 9.319485, 0.169
Train Iter 357, 0.428939, 9.188858, 0.182
Train Iter 358, 0.676984, 7.689130, 0.172
Train Iter 359, 0.643520, 7.100574, 0.186
Train Iter 360, 0.383219, 9.590374, 0.187
Train Iter 361, 0.534864, 7.340529, 0.184
Train Iter 362, 0.425923, 8.936373, 0.183
Train Iter 363, 0.392460, 8.152229, 0.183
Train Iter 364, 0.424123, 9.186228, 0.184
Train Iter 365, 0.643379, 6.947228, 0.184
Train Iter 366, 0.590953, 7.023837, 0.183
Train Iter 367, 0.609205, 7.509038, 0.169
Train Iter 368, 0.620572, 7.339005, 0.169
Train Iter 369, 0.545240, 7.256803, 0.183
Train Iter 370, 0.602261, 7.021760, 0.183
Train Iter 371, 0.565927, 7.019431, 0.187
Train Iter 372, 0.599340, 6.872766, 0.184
Train Iter 373, 0.543151, 7.419286, 0.185
Train Iter 374, 0.584123, 7.018979, 0.189
Train Iter 375, 0.565840, 6.655415, 0.183
Train Iter 376, 0.514263, 10.509520, 0.169
Train Iter 377, 0.477927, 9.309515, 0.190
Train Iter 378, 0.511622, 6.396834, 0.187
Train Iter 379, 0.536569, 6.943680, 0.191
Train Iter 380, 0.503119, 6.521511, 0.186
Train Iter 381, 0.511559, 6.865790, 0.187
Train Iter 382, 0.457080, 10.181523, 0.170
Train Iter 383, 0.423617, 8.689281, 0.186
Train Iter 384, 0.479744, 9.725457, 0.187
Train Iter 385, 0.644899, 6.656594, 0.182
Train Iter 386, 0.391974, 8.803286, 0.182
Train Iter 387, 0.502657, 9.310822, 0.172
Train Iter 388, 0.544841, 7.250351, 0.182
Train Iter 389, 0.412145, 8.804361, 0.187
Train Iter 390, 0.570381, 7.088181, 0.186
Train Iter 391, 0.479521, 9.306411, 0.186
Train Iter 392, 0.620028, 7.676908, 0.170
Train Iter 393, 0.498040, 6.387938, 0.187
Train Iter 394, 0.577250, 6.721098, 0.190
Train Iter 395, 0.396626, 8.569491, 0.188
Train Iter 396, 0.513711, 10.176035, 0.172
Train Iter 397, 0.577188, 6.584313, 0.187
Train Iter 398, 0.482181, 9.303740, 0.183
Train Iter 399, 0.448192, 10.020032, 0.168
Train Iter 400, 0.423117, 9.042006, 0.191
Train Iter 401, 0.558874, 6.648390, 0.208
Train Iter 402, 0.575140, 6.785964, 0.200
Train Iter 403, 0.502269, 9.173856, 0.179
Train Iter 404, 0.502689, 6.510758, 0.186
Train Iter 405, 0.454486, 9.716784, 0.172
Train Iter 406, 0.616895, 7.325922, 0.174
Train Iter 407, 0.502635, 6.644796, 0.187
Train Iter 408, 0.644325, 6.785648, 0.187
Train Iter 409, 0.337289, 9.296032, 0.186
Train Iter 410, 0.414463, 8.793059, 0.188
Train Iter 411, 0.567064, 6.577432, 0.190
Train Iter 412, 0.481773, 9.165691, 0.187
Train Iter 413, 0.572091, 6.926469, 0.185
Train Iter 414, 0.616756, 7.668675, 0.171
Train Iter 415, 0.619601, 7.159807, 0.172
Train Iter 416, 0.437921, 9.167711, 0.185
Train Iter 417, 0.630993, 6.642817, 0.185
Train Iter 418, 0.598474, 7.402386, 0.185
Train Iter 419, 0.639326, 6.927001, 0.186
Train Iter 420, 0.556638, 6.571397, 0.186
Train Iter 421, 0.558501, 6.440785, 0.188
Train Iter 422, 0.574805, 6.848632, 0.184
Train Iter 423, 0.585024, 6.778604, 0.191
Train Iter 424, 0.643960, 6.709903, 0.188
Train Iter 425, 0.513000, 10.324702, 0.170
Train Iter 426, 0.587830, 6.996192, 0.183
Train Iter 427, 0.502319, 6.566978, 0.184
Train Iter 428, 0.478510, 9.031691, 0.184
Train Iter 429, 0.621186, 7.400874, 0.169
Train Iter 430, 0.440486, 8.907761, 0.182
Train Iter 431, 0.447444, 9.708721, 0.170
Train Iter 432, 0.336878, 9.026642, 0.188
Train Iter 433, 0.641891, 6.499564, 0.188
Train Iter 434, 0.370258, 9.560322, 0.188
Train Iter 435, 0.619205, 7.396179, 0.168
Train Iter 436, 0.502179, 6.842486, 0.190
Train Iter 437, 0.546770, 7.228616, 0.187
Train Iter 438, 0.571684, 6.699347, 0.184
Train Iter 439, 0.569379, 6.769998, 0.186
Train Iter 440, 0.373011, 8.901999, 0.186
Train Iter 441, 0.409114, 9.280587, 0.190
Train Iter 442, 0.435516, 10.314501, 0.187
Train Iter 443, 0.467994, 8.898740, 0.187
Train Iter 444, 0.569288, 6.766547, 0.186
Train Iter 445, 0.410871, 8.432638, 0.188
Train Iter 446, 0.336625, 8.543914, 0.203
Train Iter 447, 0.476225, 9.147620, 0.187
Train Iter 448, 0.442403, 9.997547, 0.174
Train Iter 449, 0.442383, 9.416903, 0.177
Train Iter 450, 0.497301, 6.235921, 0.185
Train Iter 451, 0.469644, 8.659116, 0.183
Train Iter 452, 0.424154, 9.280323, 0.189
Train Iter 453, 0.392530, 8.214124, 0.184
Train Iter 454, 0.442279, 9.414591, 0.169
Train Iter 455, 0.390680, 8.426618, 0.187
Train Iter 456, 0.336424, 8.890036, 0.184
Train Iter 457, 0.467704, 9.142279, 0.185
Train Iter 458, 0.618855, 7.301551, 0.170
Train Iter 459, 0.501067, 9.552218, 0.170
Train Iter 460, 0.413402, 8.425680, 0.188
Train Iter 461, 0.513997, 9.843207, 0.169
Train Iter 462, 0.556047, 6.292389, 0.183
Train Iter 463, 0.421660, 9.009379, 0.186
Train Iter 464, 0.553153, 6.168011, 0.188
Train Iter 465, 0.546358, 6.759455, 0.189
Train Iter 466, 0.428511, 9.013903, 0.189
Train Iter 467, 0.453203, 10.304247, 0.168
Train Iter 468, 0.439660, 8.891500, 0.187
Train Iter 469, 0.469225, 9.268091, 0.183
Train Iter 470, 0.574105, 7.209993, 0.184
Train Iter 471, 0.498822, 6.612776, 0.183
Train Iter 472, 0.584169, 6.899446, 0.185
Train Iter 473, 0.413134, 8.528489, 0.188
Train Iter 474, 0.413114, 8.882609, 0.184
Train Iter 475, 0.511920, 9.543522, 0.173
Train Iter 476, 0.541584, 7.207428, 0.187
Train Iter 477, 0.589242, 6.973722, 0.187
Train Iter 478, 0.508996, 9.685213, 0.175
Train Iter 479, 0.464399, 8.640322, 0.187
Train Iter 480, 0.467242, 9.001044, 0.190
Train Iter 481, 0.408370, 8.635760, 0.188
Train Iter 482, 0.530315, 6.894465, 0.187
Train Iter 483, 0.620245, 7.460158, 0.173
Train Iter 484, 0.568691, 6.676062, 0.184
Train Iter 485, 0.444543, 9.396236, 0.169
Train Iter 486, 0.436443, 9.262791, 0.183
Train Iter 487, 0.394728, 8.521711, 0.188
Train Iter 488, 0.446239, 9.264479, 0.170
Train Iter 489, 0.434636, 9.394827, 0.190
Train Iter 490, 0.629797, 6.672750, 0.189
Train Iter 491, 0.508721, 10.132900, 0.192
Train Iter 492, 0.439190, 9.128247, 0.193
Train Iter 493, 0.570921, 6.740099, 0.188
Train Iter 494, 0.545947, 6.814211, 0.191
Train Iter 495, 0.394590, 8.079488, 0.187
Train Iter 496, 0.615419, 7.540114, 0.173
Train Iter 497, 0.534727, 6.887124, 0.188
Train Iter 498, 0.586635, 6.738553, 0.188
Train Iter 499, 0.563858, 6.666003, 0.188
Train Iter 500, 0.454326, 9.972576, 0.177
Train Iter 501, 0.597178, 6.738856, 0.187
Train Iter 502, 0.434393, 8.747652, 0.186
Train Iter 503, 0.573647, 6.733281, 0.189
Train Iter 504, 0.570765, 6.458340, 0.189
Train Iter 505, 0.581900, 7.189500, 0.187
Train Iter 506, 0.542894, 7.714581, 0.188
Train Iter 507, 0.511244, 10.123172, 0.181
Train Iter 508, 0.500082, 10.285459, 0.170
Train Iter 509, 0.570679, 6.729428, 0.188
Train Iter 510, 0.412546, 8.862392, 0.191
Train Iter 511, 0.563637, 6.323512, 0.187
Train Iter 512, 0.565388, 6.801439, 0.189
Train Iter 513, 0.509450, 6.585572, 0.187
Train Iter 514, 0.512865, 9.815440, 0.174
Train Iter 515, 0.368885, 8.859846, 0.188
Train Iter 516, 0.614999, 7.354633, 0.173
Train Iter 517, 0.619633, 7.109651, 0.177
Train Iter 518, 0.335529, 8.276334, 0.187
Train Iter 519, 0.629304, 6.871314, 0.189
Train Iter 520, 0.588569, 6.453261, 0.187
Train Iter 521, 0.619555, 7.187552, 0.174
Train Iter 522, 0.532635, 6.516005, 0.186
Train Iter 523, 0.476494, 8.615464, 0.188
Train Iter 524, 0.552309, 6.791732, 0.183
Train Iter 525, 0.440988, 10.112085, 0.176
Train Iter 526, 0.433948, 9.509683, 0.188
Train Iter 527, 0.422836, 8.977144, 0.195
Train Iter 528, 0.394214, 8.726236, 0.189
Train Iter 529, 0.479287, 8.847971, 0.186
Train Iter 530, 0.509217, 6.644182, 0.189
Train Iter 531, 0.534295, 7.021002, 0.191
Train Iter 532, 0.510725, 9.800222, 0.172
Train Iter 533, 0.512493, 9.955721, 0.172
Train Iter 534, 0.438492, 9.651101, 0.188
Train Iter 535, 0.463404, 8.842041, 0.187
Train Iter 536, 0.586013, 6.786370, 0.184
Train Iter 537, 0.453646, 9.798689, 0.174
Train Iter 538, 0.500937, 6.501546, 0.188
Train Iter 539, 0.407482, 8.838393, 0.188
Train Iter 540, 0.391141, 8.840188, 0.188
Train Iter 541, 0.402190, 8.717467, 0.186
Train Iter 542, 0.368525, 9.790872, 0.187
Train Iter 543, 0.453532, 9.505316, 0.173
Train Iter 544, 0.500871, 6.299511, 0.187
Train Iter 545, 0.497959, 6.300386, 0.189
Train Iter 546, 0.412054, 9.086776, 0.184
Train Iter 547, 0.556679, 6.565167, 0.188
Train Iter 548, 0.585839, 7.083560, 0.184
Train Iter 549, 0.427154, 8.965911, 0.189
Train Iter 550, 0.507488, 9.790598, 0.172
Train Iter 551, 0.532301, 7.163651, 0.188
Train Iter 552, 0.563018, 6.699258, 0.189
Train Iter 553, 0.572963, 6.773005, 0.188
Train Iter 554, 0.508913, 6.848356, 0.188
Train Iter 555, 0.636911, 6.847567, 0.188
Train Iter 556, 0.508885, 6.557258, 0.193
Train Iter 557, 0.617204, 7.328737, 0.177
Train Iter 558, 0.451516, 9.782709, 0.169
Train Iter 559, 0.628690, 7.077219, 0.190
Train Iter 560, 0.368288, 8.478061, 0.186
Train Iter 561, 0.544963, 7.077199, 0.187
Train Iter 562, 0.572820, 6.767501, 0.188
Train Iter 563, 0.465867, 8.824661, 0.186
Train Iter 564, 0.366470, 9.484224, 0.187
Train Iter 565, 0.433281, 9.483196, 0.187
Train Iter 566, 0.551751, 6.417538, 0.188
Train Iter 567, 0.368220, 9.209831, 0.187
Train Iter 568, 0.368208, 9.208665, 0.190
Train Iter 569, 0.456005, 9.777609, 0.174
Train Iter 570, 0.475649, 9.207960, 0.185
Train Iter 571, 0.422167, 9.772188, 0.192
Train Iter 572, 0.567375, 6.549480, 0.184
Train Iter 573, 0.613972, 7.234282, 0.174
Train Iter 574, 0.613951, 7.234054, 0.176
Train Iter 575, 0.390681, 8.349458, 0.190
Train Iter 576, 0.582490, 6.908349, 0.190
Train Iter 577, 0.334877, 8.233993, 0.189
Train Iter 578, 0.551567, 6.278135, 0.192
Train Iter 579, 0.452920, 9.924747, 0.177
Train Iter 580, 0.544699, 7.146548, 0.189
Train Iter 581, 0.370968, 9.202633, 0.189
Train Iter 582, 0.528944, 6.982847, 0.189
Train Iter 583, 0.641063, 7.144039, 0.188
Train Iter 584, 0.506788, 10.077968, 0.174
Train Iter 585, 0.451013, 9.616912, 0.174
Train Iter 586, 0.564238, 6.537391, 0.188
Train Iter 587, 0.478282, 8.936239, 0.188
Train Iter 588, 0.426639, 9.474252, 0.188
Train Iter 589, 0.572423, 6.746174, 0.189
Train Iter 590, 0.618365, 7.395457, 0.174
Train Iter 591, 0.572392, 6.399183, 0.189
Train Iter 592, 0.426585, 8.690274, 0.190
Train Iter 593, 0.408528, 8.928561, 0.196
Train Iter 594, 0.442819, 9.758112, 0.175
Train Iter 595, 0.636076, 6.673629, 0.192
Train Iter 596, 0.511286, 9.762209, 0.176
Train Iter 597, 0.467139, 8.337317, 0.189
Train Iter 598, 0.439800, 9.755415, 0.173
Train Iter 599, 0.437452, 9.757102, 0.192
Train Iter 600, 0.572249, 7.126100, 0.188
Train Iter 601, 0.672047, 7.388230, 0.192
Train Iter 602, 0.635928, 6.671119, 0.204
Train Iter 603, 0.595281, 7.049254, 0.197
Train Iter 604, 0.598212, 7.129656, 0.188
Train Iter 605, 0.581979, 6.890452, 0.184
Train Iter 606, 0.378702, 9.182412, 0.188
Train Iter 607, 0.562053, 6.256592, 0.186
Train Iter 608, 0.531480, 7.124320, 0.191
Train Iter 609, 0.566809, 6.522892, 0.189
Train Iter 610, 0.533289, 6.739976, 0.188
Train Iter 611, 0.605131, 7.126764, 0.174
Train Iter 612, 0.587067, 7.647216, 0.188
Train Iter 613, 0.388388, 8.552180, 0.188
Train Iter 614, 0.401168, 8.107889, 0.189
Train Iter 615, 0.579898, 6.729830, 0.188
Train Iter 616, 0.617803, 7.649634, 0.174
Train Iter 617, 0.370620, 9.311507, 0.189
Train Iter 618, 0.461993, 8.788662, 0.190
Train Iter 619, 0.464943, 9.167319, 0.192
Train Iter 620, 0.671461, 7.462794, 0.174
Train Iter 621, 0.497091, 6.652284, 0.185
Train Iter 622, 0.426205, 9.739595, 0.184
Train Iter 623, 0.635340, 6.514393, 0.187
Train Iter 624, 0.638284, 6.652732, 0.185
Train Iter 625, 0.638255, 6.581964, 0.184
Train Iter 626, 0.466728, 8.546352, 0.189
Train Iter 627, 0.466712, 8.313097, 0.184
Train Iter 628, 0.571666, 6.648711, 0.185
Train Iter 629, 0.455009, 9.589523, 0.179
Train Iter 630, 0.561532, 6.574171, 0.188
Train Iter 631, 0.378400, 9.885746, 0.185
Train Iter 632, 0.510550, 10.548981, 0.179
Train Iter 633, 0.538908, 7.109174, 0.185
Train Iter 634, 0.499902, 6.236791, 0.191
Train Iter 635, 0.400897, 8.420960, 0.187
Train Iter 636, 0.424059, 8.657133, 0.188
Train Iter 637, 0.494939, 6.500539, 0.184
Train Iter 638, 0.410958, 8.650890, 0.185
Train Iter 639, 0.538786, 6.944960, 0.191
Train Iter 640, 0.612337, 7.822585, 0.170
Train Iter 641, 0.496857, 6.366598, 0.184
Train Iter 642, 0.626959, 7.099708, 0.185
Train Iter 643, 0.436763, 9.296305, 0.184
Train Iter 644, 0.573334, 6.787082, 0.183
Train Iter 645, 0.431774, 9.154889, 0.184
Train Iter 646, 0.612173, 7.533899, 0.170
Train Iter 647, 0.543569, 6.715409, 0.185
Train Iter 648, 0.387890, 7.974721, 0.189
Train Iter 649, 0.370297, 9.290565, 0.184
Train Iter 650, 0.461387, 8.888127, 0.190
Train Iter 651, 0.639571, 6.636826, 0.190
Train Iter 652, 0.639548, 6.707231, 0.184
Train Iter 653, 0.553179, 6.353344, 0.184
Train Iter 654, 0.405761, 8.072913, 0.185
Train Iter 655, 0.527624, 6.706197, 0.183
Train Iter 656, 0.425759, 9.151917, 0.184
Train Iter 657, 0.496652, 6.289005, 0.184
Train Iter 658, 0.443679, 9.288170, 0.168
Train Iter 659, 0.532555, 6.564459, 0.184
Train Iter 660, 0.443641, 9.569348, 0.170
Train Iter 661, 0.611765, 7.711180, 0.171
Train Iter 662, 0.365118, 9.010427, 0.188
Train Iter 663, 0.407664, 8.401921, 0.185
Train Iter 664, 0.454367, 10.186428, 0.175
Train Iter 665, 0.593728, 6.850640, 0.188
Train Iter 666, 0.560767, 6.412548, 0.185
Train Iter 667, 0.509811, 10.023453, 0.172
Train Iter 668, 0.425561, 8.883070, 0.191
Train Iter 669, 0.449221, 9.860612, 0.176
Train Iter 670, 0.431277, 9.278548, 0.186
Train Iter 671, 0.532336, 6.924651, 0.193
Train Iter 672, 0.616511, 7.341231, 0.176
Train Iter 673, 0.377807, 9.560778, 0.190
Train Iter 674, 0.460888, 8.507245, 0.192
Train Iter 675, 0.537983, 7.795809, 0.191
Train Iter 676, 0.463828, 8.745862, 0.188
Train Iter 677, 0.420336, 8.749187, 0.193
Train Iter 678, 0.560490, 6.209207, 0.186
Train Iter 679, 0.636805, 6.407271, 0.184
Train Iter 680, 0.476614, 8.997715, 0.183
Train Iter 681, 0.400261, 8.996813, 0.187
Train Iter 682, 0.499277, 7.073999, 0.190
Train Iter 683, 0.410347, 8.992407, 0.188
Train Iter 684, 0.364747, 8.997248, 0.187
Train Iter 685, 0.438059, 9.264948, 0.169
Train Iter 686, 0.438038, 9.548612, 0.171
Train Iter 687, 0.450890, 9.699001, 0.170
Train Iter 688, 0.596063, 6.762265, 0.183
Train Iter 689, 0.400129, 8.384618, 0.185
Train Iter 690, 0.435932, 9.846785, 0.183
Train Iter 691, 0.430771, 8.745478, 0.187
Train Iter 692, 0.369747, 9.692007, 0.173
Train Iter 693, 0.669219, 7.326198, 0.173
Train Iter 694, 0.471154, 8.989202, 0.185
Train Iter 695, 0.598039, 7.324707, 0.189
Train Iter 696, 0.430639, 9.687703, 0.187
Train Iter 697, 0.585116, 6.678201, 0.191
Train Iter 698, 0.369664, 8.864211, 0.185
Train Iter 699, 0.471007, 8.493988, 0.191
Train Iter 700, 0.549258, 6.008215, 0.188
Train Iter 701, 0.570053, 6.526923, 0.188
Train Iter 702, 0.377294, 9.686664, 0.188
Train Iter 703, 0.613434, 7.146062, 0.173
Train Iter 704, 0.625358, 6.900535, 0.190
Train Iter 705, 0.638202, 6.672755, 0.188
Train Iter 706, 0.417665, 9.530787, 0.191
Train Iter 707, 0.508766, 9.842263, 0.173
Train Iter 708, 0.392142, 8.148088, 0.186
Train Iter 709, 0.498883, 6.381129, 0.192
Train Iter 710, 0.498866, 6.740376, 0.187
Train Iter 711, 0.584698, 6.976448, 0.188
Train Iter 712, 0.495888, 6.187027, 0.186
Train Iter 713, 0.453231, 10.491247, 0.174
Train Iter 714, 0.435396, 9.534868, 0.188
Train Iter 715, 0.409851, 8.971911, 0.188
Train Iter 716, 0.561766, 6.665737, 0.188
Train Iter 717, 0.602344, 7.221128, 0.173
Train Iter 718, 0.432378, 9.832388, 0.191
Train Iter 719, 0.539087, 6.668208, 0.189
Train Iter 720, 0.668158, 7.397439, 0.174
Train Iter 721, 0.376965, 9.241094, 0.187
Train Iter 722, 0.559292, 6.516081, 0.190
Train Iter 723, 0.389011, 8.141964, 0.188
Train Iter 724, 0.333663, 7.825082, 0.189
Train Iter 725, 0.376888, 9.378693, 0.187
Train Iter 726, 0.369271, 9.237658, 0.191
Train Iter 727, 0.564428, 6.379029, 0.186
Train Iter 728, 0.632241, 6.807943, 0.190
Train Iter 729, 0.442319, 9.669424, 0.173
Train Iter 730, 0.508114, 9.827896, 0.173
Train Iter 731, 0.435000, 9.672746, 0.183
Train Iter 732, 0.452740, 9.241008, 0.170
Train Iter 733, 0.553799, 6.583068, 0.193
Train Iter 734, 0.502728, 9.239320, 0.174
Train Iter 735, 0.369125, 8.964701, 0.184
Train Iter 736, 0.591611, 7.125499, 0.193
Train Iter 737, 0.576672, 6.879519, 0.190
Train Iter 738, 0.576635, 6.802268, 0.188
Train Iter 739, 0.591496, 6.727468, 0.196
Train Iter 740, 0.399217, 8.241742, 0.187
Train Iter 741, 0.637069, 6.726752, 0.189
Train Iter 742, 0.611992, 7.659200, 0.173
Train Iter 743, 0.399156, 8.708393, 0.186
Train Iter 744, 0.386336, 8.464280, 0.186
Train Iter 745, 0.376468, 9.816507, 0.185
Train Iter 746, 0.446993, 10.131088, 0.171
Train Iter 747, 0.376421, 9.366419, 0.187
Train Iter 748, 0.571194, 6.575754, 0.183
Train Iter 749, 0.386241, 8.231973, 0.183
Train Iter 750, 0.498190, 5.919324, 0.186
Train Iter 751, 0.403898, 8.819258, 0.185
Train Iter 752, 0.464488, 8.829813, 0.183
Train Iter 753, 0.504867, 9.656915, 0.171
Train Iter 754, 0.449205, 9.966013, 0.172
Train Iter 755, 0.441761, 9.809236, 0.174
Train Iter 756, 0.452013, 10.293211, 0.171
Train Iter 757, 0.458999, 8.949763, 0.187
Train Iter 758, 0.421495, 9.503149, 0.183
Train Iter 759, 0.550728, 6.360303, 0.187
Train Iter 760, 0.581152, 6.866829, 0.188
Train Iter 761, 0.398796, 8.575158, 0.187
Train Iter 762, 0.537911, 7.283549, 0.185
Train Iter 763, 0.416402, 8.948984, 0.184
Train Iter 764, 0.560533, 6.425657, 0.185
Train Iter 765, 0.563340, 6.635503, 0.184
Train Iter 766, 0.613484, 7.279815, 0.172
Train Iter 767, 0.553077, 5.972928, 0.186
Train Iter 768, 0.416269, 8.946392, 0.185
Train Iter 769, 0.575399, 6.634942, 0.183
Train Iter 770, 0.547574, 6.087698, 0.187
Train Iter 771, 0.406034, 9.073093, 0.187
Train Iter 772, 0.552955, 6.349189, 0.185
Train Iter 773, 0.421089, 9.076651, 0.183
Train Iter 774, 0.592898, 6.785970, 0.183
Train Iter 775, 0.567804, 6.779351, 0.191
Train Iter 776, 0.580540, 6.704455, 0.186
Train Iter 777, 0.552819, 6.281349, 0.184
Train Iter 778, 0.504900, 6.628484, 0.188
Train Iter 779, 0.567605, 6.484159, 0.187
Train Iter 780, 0.552731, 6.087045, 0.187
Train Iter 781, 0.418060, 9.353334, 0.184
Train Iter 782, 0.423549, 8.337339, 0.187
Train Iter 783, 0.415880, 8.937949, 0.183
Train Iter 784, 0.557136, 6.148694, 0.188
Train Iter 785, 0.448287, 9.641384, 0.169
Train Iter 786, 0.557049, 6.411927, 0.184
Train Iter 787, 0.559808, 6.554803, 0.183
Train Iter 788, 0.635183, 6.855520, 0.184
Train Iter 789, 0.448153, 9.491091, 0.169
Train Iter 790, 0.592026, 7.447588, 0.188
Train Iter 791, 0.562390, 6.273781, 0.188
Train Iter 792, 0.460678, 8.806249, 0.186
Train Iter 793, 0.529608, 6.697845, 0.190
Train Iter 794, 0.473428, 9.340947, 0.187
Train Iter 795, 0.333004, 8.678076, 0.188
Train Iter 796, 0.573992, 6.617748, 0.186
Train Iter 797, 0.494384, 6.406332, 0.188
Train Iter 798, 0.415437, 8.557580, 0.187
Train Iter 799, 0.556407, 6.407107, 0.188
Train Iter 800, 0.433029, 9.201246, 0.188
Train Iter 801, 0.556307, 6.545993, 0.204
Train Iter 802, 0.563824, 6.543912, 0.188
Train Iter 803, 0.505465, 9.201539, 0.173
Train Iter 804, 0.556141, 6.768581, 0.186
Train Iter 805, 0.611532, 7.175854, 0.173
Train Iter 806, 0.556019, 6.270677, 0.190
Train Iter 807, 0.467187, 8.800492, 0.188
Train Iter 808, 0.419896, 8.215116, 0.184
Train Iter 809, 0.459964, 8.668489, 0.187
Train Iter 810, 0.388004, 8.096668, 0.187
Train Iter 811, 0.417178, 8.927984, 0.185
Train Iter 812, 0.536065, 7.005143, 0.201
Train Iter 813, 0.365184, 9.480007, 0.187
Train Iter 814, 0.555538, 6.474816, 0.183
Train Iter 815, 0.390495, 8.203361, 0.183
Train Iter 816, 0.436857, 9.620966, 0.173
Train Iter 817, 0.593553, 7.256037, 0.187
Train Iter 818, 0.532544, 7.339526, 0.184
Train Iter 819, 0.466548, 8.793262, 0.187
Train Iter 820, 0.587538, 6.470438, 0.190
Train Iter 821, 0.422687, 9.196074, 0.188
Train Iter 822, 0.528627, 6.762562, 0.186
Train Iter 823, 0.538121, 6.765637, 0.188
Train Iter 824, 0.496245, 6.389056, 0.187
Train Iter 825, 0.633165, 6.466596, 0.191
Train Iter 826, 0.503184, 6.261497, 0.187
Train Iter 827, 0.414455, 9.047752, 0.187
Train Iter 828, 0.404959, 8.913820, 0.187
Train Iter 829, 0.586958, 6.759326, 0.188
Train Iter 830, 0.500660, 9.473230, 0.173
Train Iter 831, 0.564754, 6.460841, 0.188
Train Iter 832, 0.609877, 7.162440, 0.173
Train Iter 833, 0.390089, 8.306912, 0.189
Train Iter 834, 0.471670, 8.915060, 0.184
Train Iter 835, 0.579574, 6.681340, 0.187
Train Iter 836, 0.404780, 8.915736, 0.191
Train Iter 837, 0.660965, 7.424623, 0.175
Train Iter 838, 0.557744, 6.259696, 0.183
Train Iter 839, 0.442524, 9.322231, 0.170
Train Iter 840, 0.493295, 6.750447, 0.184
Train Iter 841, 0.550652, 6.675974, 0.187
Train Iter 842, 0.439132, 9.609888, 0.176
Train Iter 843, 0.499619, 10.086714, 0.173
Train Iter 844, 0.574499, 6.674924, 0.192
Train Iter 845, 0.448169, 9.465153, 0.173
Train Iter 846, 0.570555, 6.749393, 0.188
Train Iter 847, 0.400654, 8.652846, 0.188
Train Iter 848, 0.434986, 9.606849, 0.180
Train Iter 849, 0.561185, 6.748702, 0.183
Train Iter 850, 0.527311, 7.152555, 0.187
Train Iter 851, 0.550171, 6.386966, 0.183
Train Iter 852, 0.400380, 9.035491, 0.191
Train Iter 853, 0.578217, 6.529677, 0.187
Train Iter 854, 0.428542, 9.187096, 0.187
Train Iter 855, 0.560721, 6.742259, 0.184
Train Iter 856, 0.545817, 6.523533, 0.186
Train Iter 857, 0.577860, 6.748464, 0.188
Train Iter 858, 0.445260, 9.316392, 0.177
Train Iter 859, 0.430371, 9.914005, 0.188
Train Iter 860, 0.601339, 7.151663, 0.174
Train Iter 861, 0.552288, 6.745933, 0.188
Train Iter 862, 0.533481, 6.983146, 0.191
Train Iter 863, 0.529115, 6.823500, 0.187
Train Iter 864, 0.535273, 7.148661, 0.188
Train Iter 865, 0.574944, 6.525140, 0.187
Train Iter 866, 0.467766, 8.781375, 0.183
Train Iter 867, 0.359731, 9.452964, 0.183
Train Iter 868, 0.534867, 6.979688, 0.187
Train Iter 869, 0.593359, 7.058846, 0.170
Train Iter 870, 0.364101, 8.902981, 0.183
Train Iter 871, 0.572492, 6.246058, 0.184
Train Iter 872, 0.467396, 9.038242, 0.184
Train Iter 873, 0.519413, 7.139038, 0.182
Train Iter 874, 0.624345, 6.308898, 0.185
Train Iter 875, 0.429219, 9.172652, 0.184
Train Iter 876, 0.496074, 9.601965, 0.169
Train Iter 877, 0.592350, 7.140343, 0.169
Train Iter 878, 0.556856, 6.245483, 0.182
Train Iter 879, 0.439005, 10.405746, 0.173
Train Iter 880, 0.518729, 6.660933, 0.183
Train Iter 881, 0.491623, 6.375862, 0.184
Train Iter 882, 0.627885, 6.813226, 0.184
Train Iter 883, 0.430243, 9.591230, 0.174
Train Iter 884, 0.519765, 6.589799, 0.183
Train Iter 885, 0.581297, 6.978381, 0.190
Train Iter 886, 0.559057, 6.887398, 0.186
Train Iter 887, 0.558878, 6.657335, 0.183
Train Iter 888, 0.491188, 6.375632, 0.184
Train Iter 889, 0.499175, 5.927138, 0.187
Train Iter 890, 0.419687, 9.447159, 0.183
Train Iter 891, 0.525341, 6.445235, 0.184
Train Iter 892, 0.547007, 6.368800, 0.187
Train Iter 893, 0.493116, 10.062150, 0.170
Train Iter 894, 0.413812, 8.647667, 0.186
Train Iter 895, 0.425963, 9.031177, 0.184
Train Iter 896, 0.618715, 6.658092, 0.184
Train Iter 897, 0.443146, 9.897219, 0.171
Train Iter 898, 0.588388, 7.394852, 0.171
Train Iter 899, 0.529582, 6.811536, 0.186
Train Iter 900, 0.594543, 7.132468, 0.171
Train Iter 901, 0.411696, 9.445169, 0.186
Train Iter 902, 0.441347, 10.059410, 0.170
Train Iter 903, 0.412232, 9.030359, 0.188
Train Iter 904, 0.409660, 8.519773, 0.182
Train Iter 905, 0.450439, 8.891087, 0.186
Train Iter 906, 0.568475, 6.510102, 0.185
Train Iter 907, 0.576149, 6.731154, 0.188
Train Iter 908, 0.647120, 7.218100, 0.173
Train Iter 909, 0.646603, 7.047850, 0.176
Train Iter 910, 0.433286, 9.437062, 0.169
Train Iter 911, 0.526899, 6.811546, 0.183
Train Iter 912, 0.543114, 6.238161, 0.188
Train Iter 913, 0.526246, 6.804639, 0.192
Train Iter 914, 0.391839, 8.289408, 0.187
Train Iter 915, 0.612272, 6.578593, 0.187
Train Iter 916, 0.414840, 9.020539, 0.188
Train Iter 917, 0.534436, 6.099945, 0.189
Train Iter 918, 0.541248, 6.168670, 0.191
Train Iter 919, 0.421132, 9.023774, 0.188
Train Iter 920, 0.422644, 9.293948, 0.176
Train Iter 921, 0.546201, 6.580973, 0.188
Train Iter 922, 0.478364, 6.294940, 0.186
Train Iter 923, 0.404942, 8.286173, 0.189
Train Iter 924, 0.418682, 9.293366, 0.187
Train Iter 925, 0.520392, 6.804297, 0.186
Train Iter 926, 0.382411, 8.515944, 0.187
Train Iter 927, 0.536454, 6.507328, 0.188
Train Iter 928, 0.609539, 6.724301, 0.187
Train Iter 929, 0.409844, 9.292835, 0.188
Train Iter 930, 0.567690, 7.125012, 0.199
Train Iter 931, 0.404209, 8.891554, 0.188
Train Iter 932, 0.537819, 6.578886, 0.188
Train Iter 933, 0.619840, 7.042520, 0.174
Train Iter 934, 0.411088, 9.883562, 0.170
Train Iter 935, 0.399540, 8.630589, 0.191
Train Iter 936, 0.573626, 7.298055, 0.173
Train Iter 937, 0.406120, 9.424646, 0.170
Train Iter 938, 0.474690, 6.427619, 0.187
Train Iter 939, 0.549009, 7.040825, 0.188
Train Iter 940, 0.459995, 6.290594, 0.187
Train Iter 941, 0.457805, 6.097019, 0.183
Train Iter 942, 0.392468, 9.286720, 0.186
Train Iter 943, 0.347944, 9.145407, 0.186
Train Iter 944, 0.388635, 9.289010, 0.173
Train Iter 945, 0.508474, 6.503586, 0.190
Train Iter 946, 0.487204, 6.426826, 0.186
Train Iter 947, 0.401087, 8.387362, 0.186
Train Iter 948, 0.418637, 9.885473, 0.173
Train Iter 949, 0.446234, 6.722074, 0.186
Train Iter 950, 0.402056, 9.728781, 0.172
Train Iter 951, 0.376928, 8.753510, 0.187
Train Iter 952, 0.360657, 9.876068, 0.174
Train Iter 953, 0.439621, 6.428153, 0.188
Train Iter 954, 0.346889, 9.290117, 0.189
Train Iter 955, 0.456039, 6.285907, 0.188
Train Iter 956, 0.335412, 8.276945, 0.189
Train Iter 957, 0.499099, 6.499513, 0.188
Train Iter 958, 0.420222, 6.712884, 0.188
Train Iter 959, 0.377863, 6.568536, 0.186
Train Iter 960, 0.279037, 9.280932, 0.190
Train Iter 961, 0.467351, 6.498985, 0.187
Train Iter 962, 0.328661, 8.384213, 0.187
Train Iter 963, 0.339523, 9.146420, 0.169
Train Iter 964, 0.320434, 8.274469, 0.188
Train Iter 965, 0.323136, 8.872975, 0.188
Train Iter 966, 0.316055, 9.277057, 0.174
Train Iter 967, 0.312581, 9.875472, 0.172
Train Iter 968, 0.284302, 8.751632, 0.187
Train Iter 969, 0.354048, 9.886950, 0.174
Train Iter 970, 0.267680, 8.750657, 0.188
Train Iter 971, 0.427530, 6.494914, 0.186
Train Iter 972, 0.320651, 10.210811, 0.173
Train Iter 973, 0.296224, 9.725120, 0.170
Train Iter 974, 0.384099, 6.096712, 0.185
Train Iter 975, 0.266160, 8.870679, 0.185
Train Iter 976, 0.396253, 6.947570, 0.170
Train Iter 977, 0.357506, 6.215745, 0.187
Train Iter 978, 0.410307, 6.638271, 0.188
Train Iter 979, 0.280578, 8.053686, 0.185
Train Iter 980, 0.327445, 6.865241, 0.184
Train Iter 981, 0.336038, 6.026900, 0.184
Train Iter 982, 0.328323, 6.634299, 0.187
Train Iter 983, 0.359161, 6.789926, 0.188
Train Iter 984, 0.295065, 8.267909, 0.188
Train Iter 985, 0.292284, 9.418804, 0.176
Train Iter 986, 0.316850, 8.501944, 0.187
Train Iter 987, 0.340269, 6.151884, 0.190
Train Iter 988, 0.271184, 9.416110, 0.181
Train Iter 989, 0.371421, 6.355673, 0.193
Train Iter 990, 0.365620, 6.560659, 0.188
Train Iter 991, 0.323850, 6.148423, 0.187
Train Iter 992, 0.377129, 6.489854, 0.189
Train Iter 993, 0.279611, 9.419901, 0.169
Train Iter 994, 0.292336, 9.419848, 0.168
Train Iter 995, 0.320628, 6.631248, 0.172
Train Iter 996, 0.267221, 8.053658, 0.183
Train Iter 997, 0.288569, 6.283647, 0.187
Train Iter 998, 0.355257, 6.494274, 0.184
Train Iter 999, 0.347235, 6.942628, 0.187
Train Iter 1000, 0.379442, 6.706097, 0.183
Train Iter 1001, 0.225295, 8.741478, 0.209
Train Iter 1002, 0.318523, 7.282277, 0.184
Train Iter 1003, 0.373170, 6.634763, 0.193
Train Iter 1004, 0.305505, 8.503291, 0.187
Train Iter 1005, 0.259219, 8.739196, 0.187
Train Iter 1006, 0.228053, 9.270463, 0.184
Train Iter 1007, 0.328795, 7.463750, 0.173
Train Iter 1008, 0.331292, 6.486145, 0.184
Train Iter 1009, 0.224219, 9.862063, 0.184
Train Iter 1010, 0.266152, 6.555936, 0.184
Train Iter 1011, 0.261486, 9.564607, 0.176
Train Iter 1012, 0.265686, 9.269770, 0.184
Train Iter 1013, 0.288686, 6.087285, 0.184
Train Iter 1014, 0.349751, 6.562502, 0.183
Train Iter 1015, 0.316333, 6.416419, 0.184
Train Iter 1016, 0.295427, 6.781901, 0.169
Train Iter 1017, 0.296492, 6.285613, 0.183
Train Iter 1018, 0.342776, 6.636604, 0.189
Train Iter 1019, 0.307162, 7.191125, 0.174
Train Iter 1020, 0.273507, 8.866592, 0.188
Train Iter 1021, 0.194400, 8.379141, 0.189
Train Iter 1022, 0.298892, 6.347629, 0.185
Train Iter 1023, 0.262078, 8.862302, 0.185
Train Iter 1024, 0.280213, 6.343978, 0.184
Train Iter 1025, 0.269890, 6.932045, 0.169
Train Iter 1026, 0.188980, 8.862467, 0.186
Train Iter 1027, 0.300485, 6.088534, 0.183
Train Iter 1028, 0.265919, 7.182185, 0.168
Train Iter 1029, 0.301112, 6.551683, 0.184
Train Iter 1030, 0.186919, 9.142012, 0.186
Train Iter 1031, 0.198441, 9.703101, 0.173
Train Iter 1032, 0.306208, 6.626663, 0.190
Train Iter 1033, 0.242453, 9.000784, 0.188
Train Iter 1034, 0.212307, 8.265107, 0.189
Train Iter 1035, 0.234056, 8.613863, 0.188
Train Iter 1036, 0.193279, 9.554701, 0.174
Train Iter 1037, 0.281098, 6.937097, 0.176
Train Iter 1038, 0.254809, 7.100461, 0.173
Train Iter 1039, 0.197709, 8.498511, 0.188
Train Iter 1040, 0.256014, 7.098900, 0.188
Train Iter 1041, 0.175867, 9.000895, 0.186
Train Iter 1042, 0.248379, 6.704089, 0.187
Train Iter 1043, 0.168036, 9.120825, 0.187
Train Iter 1044, 0.279791, 6.697061, 0.188
Train Iter 1045, 0.166305, 9.404978, 0.188
Train Iter 1046, 0.191837, 9.410105, 0.173
Train Iter 1047, 0.264171, 6.418442, 0.188
Train Iter 1048, 0.262767, 6.409049, 0.188
Train Iter 1049, 0.169291, 9.134552, 0.188
Train Iter 1050, 0.265462, 7.451854, 0.173
Train Iter 1051, 0.184622, 9.405218, 0.188
Train Iter 1052, 0.285084, 6.853433, 0.187
Train Iter 1053, 0.216476, 8.733433, 0.190
Train Iter 1054, 0.218990, 6.939775, 0.189
Train Iter 1055, 0.214666, 6.859151, 0.193
Train Iter 1056, 0.292344, 6.620355, 0.190
Train Iter 1057, 0.158178, 8.734575, 0.188
Train Iter 1058, 0.182141, 8.045734, 0.193
Train Iter 1059, 0.240319, 8.745449, 0.188
Train Iter 1060, 0.229760, 7.016051, 0.188
Train Iter 1061, 0.176701, 9.261267, 0.190
Train Iter 1062, 0.202684, 9.409589, 0.173
Train Iter 1063, 0.228887, 7.355151, 0.174
Train Iter 1064, 0.242369, 8.610167, 0.187
Train Iter 1065, 0.157929, 9.126054, 0.187
Train Iter 1066, 0.251599, 6.410882, 0.187
Train Iter 1067, 0.166865, 8.860113, 0.183
Train Iter 1068, 0.191364, 8.491084, 0.187
Train Iter 1069, 0.242006, 6.075349, 0.188
Train Iter 1070, 0.227121, 7.355270, 0.174
Train Iter 1071, 0.260698, 5.728083, 0.189
Train Iter 1072, 0.268436, 6.479987, 0.188
Train Iter 1073, 0.214124, 9.125837, 0.190
Train Iter 1074, 0.179450, 9.856041, 0.176
Train Iter 1075, 0.165321, 9.254393, 0.174
Train Iter 1076, 0.198088, 7.088670, 0.184
Train Iter 1077, 0.255933, 6.614755, 0.188
Train Iter 1078, 0.151431, 8.990606, 0.190
Train Iter 1079, 0.188767, 9.549993, 0.174
Train Iter 1080, 0.164802, 9.693726, 0.174
Train Iter 1081, 0.148476, 9.552622, 0.187
Train Iter 1082, 0.220967, 7.177567, 0.170
Train Iter 1083, 0.207261, 7.934209, 0.188
Train Iter 1084, 0.197343, 6.692672, 0.188
Train Iter 1085, 0.179964, 9.855230, 0.174
Train Iter 1086, 0.218351, 6.776826, 0.188
Train Iter 1087, 0.199665, 6.768137, 0.189
Train Iter 1088, 0.204401, 8.857116, 0.187
Train Iter 1089, 0.209511, 7.172052, 0.173
Train Iter 1090, 0.203185, 8.489793, 0.188
Train Iter 1091, 0.200150, 8.147616, 0.188
Train Iter 1092, 0.268220, 7.010546, 0.187
Train Iter 1093, 0.201865, 8.609993, 0.187
Train Iter 1094, 0.244038, 6.399383, 0.186
Train Iter 1095, 0.227384, 7.088357, 0.174
Train Iter 1096, 0.240868, 6.611269, 0.188
Train Iter 1097, 0.251118, 6.410758, 0.187
Train Iter 1098, 0.190712, 6.690952, 0.188
Train Iter 1099, 0.198012, 9.110554, 0.187
Train Iter 1100, 0.134209, 8.733592, 0.187
Train Iter 1101, 0.183570, 6.845716, 0.188
Train Iter 1102, 0.247418, 6.766737, 0.187
Train Iter 1103, 0.170382, 9.854779, 0.170
Train Iter 1104, 0.257550, 6.692268, 0.183
Train Iter 1105, 0.148900, 9.840415, 0.172
Train Iter 1106, 0.258608, 6.403735, 0.188
Train Iter 1107, 0.193780, 8.597555, 0.187
Train Iter 1108, 0.237847, 6.692487, 0.188
Train Iter 1109, 0.241306, 6.769256, 0.190
Train Iter 1110, 0.205087, 8.849743, 0.188
Train Iter 1111, 0.241629, 6.472416, 0.187
Train Iter 1112, 0.230868, 6.399194, 0.183
Train Iter 1113, 0.231049, 6.470492, 0.189
Train Iter 1114, 0.210991, 8.728032, 0.188
Train Iter 1115, 0.218813, 6.465704, 0.188
Train Iter 1116, 0.248210, 6.472776, 0.185
Train Iter 1117, 0.157604, 9.550711, 0.187
Train Iter 1118, 0.245917, 6.688838, 0.190
Train Iter 1119, 0.163388, 9.547571, 0.174
Train Iter 1120, 0.217026, 6.072042, 0.183
Train Iter 1121, 0.233346, 6.841897, 0.188
Train Iter 1122, 0.161344, 9.697617, 0.169
Train Iter 1123, 0.169519, 8.144319, 0.184
Train Iter 1124, 0.185053, 8.482888, 0.184
Train Iter 1125, 0.225965, 6.469106, 0.187
Train Iter 1126, 0.190426, 6.916260, 0.188
Train Iter 1127, 0.240712, 6.770026, 0.188
Train Iter 1128, 0.223726, 6.270804, 0.186
Train Iter 1129, 0.237877, 6.612007, 0.186
Train Iter 1130, 0.218314, 6.465513, 0.187
Train Iter 1131, 0.188607, 7.172999, 0.190
Train Iter 1132, 0.150126, 9.698735, 0.173
Train Iter 1133, 0.191286, 8.720272, 0.188
Train Iter 1134, 0.140020, 9.697420, 0.171
Train Iter 1135, 0.174760, 7.004467, 0.187
Train Iter 1136, 0.163954, 7.733203, 0.188
Train Iter 1137, 0.172731, 6.688358, 0.188
Train Iter 1138, 0.142730, 9.390233, 0.169
Train Iter 1139, 0.127648, 8.848077, 0.189
Train Iter 1140, 0.164314, 8.596315, 0.187
Train Iter 1141, 0.140698, 9.547350, 0.173
Train Iter 1142, 0.157687, 9.117802, 0.170
Train Iter 1143, 0.211049, 6.326569, 0.184
Train Iter 1144, 0.176441, 9.250448, 0.188
Train Iter 1145, 0.186961, 8.851377, 0.186
Train Iter 1146, 0.222912, 6.610343, 0.188
Train Iter 1147, 0.183650, 7.438127, 0.173
Train Iter 1148, 0.140755, 9.259635, 0.177
Train Iter 1149, 0.234686, 6.689143, 0.188
Train Iter 1150, 0.227755, 6.394974, 0.186
Train Iter 1151, 0.134940, 8.980202, 0.187
Train Iter 1152, 0.162808, 6.685658, 0.187
Train Iter 1153, 0.133699, 9.534334, 0.173
Train Iter 1154, 0.181455, 7.435190, 0.173
Train Iter 1155, 0.176349, 7.730014, 0.188
Train Iter 1156, 0.182460, 8.481009, 0.187
Train Iter 1157, 0.230196, 7.253354, 0.189
Train Iter 1158, 0.174601, 6.839581, 0.185
Train Iter 1159, 0.129789, 9.387199, 0.173
Train Iter 1160, 0.217153, 6.393829, 0.188
Train Iter 1161, 0.119917, 8.602262, 0.188
Train Iter 1162, 0.136559, 9.255148, 0.188
Train Iter 1163, 0.210734, 6.613711, 0.189
Train Iter 1164, 0.130877, 8.257469, 0.188
Train Iter 1165, 0.170251, 7.427938, 0.170
Train Iter 1166, 0.126491, 9.387849, 0.177
Train Iter 1167, 0.160628, 8.600080, 0.184
Train Iter 1168, 0.169891, 7.006829, 0.185
Train Iter 1169, 0.169383, 6.760747, 0.185
Train Iter 1170, 0.175867, 8.139990, 0.188
Train Iter 1171, 0.182186, 8.482810, 0.187
Train Iter 1172, 0.169339, 7.338908, 0.192
Train Iter 1173, 0.207072, 6.607142, 0.188
Train Iter 1174, 0.168084, 8.138214, 0.185
Train Iter 1175, 0.159399, 6.606150, 0.189
Train Iter 1176, 0.163819, 6.832897, 0.174
Train Iter 1177, 0.163372, 6.991680, 0.174
Train Iter 1178, 0.173505, 8.715019, 0.186
Train Iter 1179, 0.157489, 6.758125, 0.188
Train Iter 1180, 0.219836, 6.533686, 0.187
Train Iter 1181, 0.177172, 9.110482, 0.187
