Train Iter 0, 0.843750, 2.303306, 0.304
Train Iter 1, 0.804688, 2.533894, 0.107
Train Iter 2, 0.765625, 2.690046, 0.106
Train Iter 3, 0.820312, 2.547064, 0.107
Train Iter 4, 0.828125, 2.616027, 0.107
Train Iter 5, 0.664062, 2.566595, 0.108
Train Iter 6, 0.734375, 2.560013, 0.111
Train Iter 7, 0.703125, 2.621491, 0.109
Train Iter 8, 0.406250, 2.707399, 0.109
Train Iter 9, 0.531250, 2.558740, 0.115
Train Iter 10, 0.710938, 2.622257, 0.108
Train Iter 11, 0.718750, 2.639796, 0.108
Train Iter 12, 0.703125, 2.725644, 0.110
Train Iter 13, 0.687500, 2.553433, 0.109
Train Iter 14, 0.804688, 2.515741, 0.107
Train Iter 15, 0.562500, 2.690128, 0.107
Train Iter 16, 0.710938, 2.762998, 0.107
Train Iter 17, 0.828125, 2.567461, 0.110
Train Iter 18, 0.625000, 2.695894, 0.111
Train Iter 19, 0.500000, 2.662407, 0.108
Train Iter 20, 0.601562, 2.524640, 0.110
Train Iter 21, 0.710938, 2.703014, 0.107
Train Iter 22, 0.796875, 2.684045, 0.108
Train Iter 23, 0.679688, 2.617414, 0.107
Train Iter 24, 0.617188, 2.584647, 0.107
Train Iter 25, 0.726562, 2.606816, 0.109
Train Iter 26, 0.515625, 2.659847, 0.108
Train Iter 27, 0.804688, 2.424301, 0.110
Train Iter 28, 0.640625, 2.688785, 0.108
Train Iter 29, 0.828125, 2.526498, 0.107
Train Iter 30, 0.710938, 2.484993, 0.111
Train Iter 31, 0.679688, 2.503088, 0.110
Train Iter 32, 0.765625, 2.618585, 0.107
Train Iter 33, 0.859375, 2.255321, 0.112
Train Iter 34, 0.539062, 2.670207, 0.110
Train Iter 35, 0.585938, 2.628056, 0.109
Train Iter 36, 0.531250, 2.328943, 0.108
Train Iter 37, 0.570312, 2.525405, 0.108
Train Iter 38, 0.648438, 2.666706, 0.110
Train Iter 39, 0.796875, 2.489227, 0.108
Train Iter 40, 0.695312, 2.900841, 0.110
Train Iter 41, 0.757812, 2.260151, 0.108
Train Iter 42, 0.820312, 2.404051, 0.111
Train Iter 43, 0.726562, 2.500569, 0.109
Train Iter 44, 0.492188, 2.512175, 0.108
Train Iter 45, 0.609375, 2.636399, 0.110
Train Iter 46, 0.546875, 2.913295, 0.107
Train Iter 47, 0.234375, 2.691156, 0.108
Train Iter 48, 0.625000, 2.707340, 0.110
Train Iter 49, 0.898438, 2.646285, 0.110
Train Iter 50, 0.585938, 2.491244, 0.110
Train Iter 51, 0.718750, 2.277551, 0.111
Train Iter 52, 0.484375, 2.393332, 0.110
Train Iter 53, 0.757812, 2.689278, 0.108
Train Iter 54, 0.562500, 2.664960, 0.109
Train Iter 55, 0.546875, 2.230103, 0.109
Train Iter 56, 0.726562, 2.459329, 0.110
Train Iter 57, 0.929688, 2.244510, 0.110
Train Iter 58, 0.320312, 2.640109, 0.109
Train Iter 59, 0.632812, 2.644219, 0.108
Train Iter 60, 0.687500, 2.486036, 0.109
Train Iter 61, 0.742188, 2.694740, 0.109
Train Iter 62, 0.890625, 1.870167, 0.110
Train Iter 63, 0.617188, 2.467189, 0.108
Train Iter 64, 0.765625, 2.346347, 0.110
Train Iter 65, 0.617188, 2.640734, 0.106
Train Iter 66, 0.648438, 2.625083, 0.109
Train Iter 67, 0.687500, 1.986308, 0.111
Train Iter 68, 0.695312, 2.417387, 0.109
Train Iter 69, 0.750000, 2.343549, 0.108
Train Iter 70, 0.679688, 2.331834, 0.110
Train Iter 71, 0.695312, 2.508398, 0.106
Train Iter 72, 0.765625, 2.347697, 0.106
Train Iter 73, 0.656250, 2.514998, 0.110
Train Iter 74, 0.726562, 2.419468, 0.110
Train Iter 75, 0.585938, 2.703114, 0.107
Train Iter 76, 0.625000, 2.619281, 0.108
Train Iter 77, 0.781250, 2.673564, 0.110
Train Iter 78, 0.835938, 2.133559, 0.108
Train Iter 79, 0.781250, 2.555804, 0.109
Train Iter 80, 0.648438, 2.630367, 0.111
Train Iter 81, 0.687500, 2.465586, 0.108
Train Iter 82, 0.843750, 2.260999, 0.110
Train Iter 83, 0.812500, 2.416732, 0.109
Train Iter 84, 0.851562, 2.253158, 0.109
Train Iter 85, 0.765625, 2.585378, 0.107
Train Iter 86, 0.460938, 2.774946, 0.109
Train Iter 87, 1.000000, 2.108447, 0.106
Train Iter 88, 0.757812, 2.294693, 0.107
Train Iter 89, 0.687500, 2.377198, 0.107
Train Iter 90, 0.843750, 2.214239, 0.110
Train Iter 91, 0.820312, 2.332702, 0.110
Train Iter 92, 0.812500, 2.815811, 0.107
Train Iter 93, 0.742188, 2.462061, 0.109
Train Iter 94, 0.750000, 2.554198, 0.109
Train Iter 95, 0.843750, 1.688127, 0.106
Train Iter 96, 0.734375, 2.188888, 0.111
Train Iter 97, 0.671875, 2.536651, 0.106
Train Iter 98, 0.515625, 2.349171, 0.109
Train Iter 99, 0.796875, 2.414920, 0.108
Train Iter 100, 0.640625, 2.131988, 0.112
Train Iter 101, 0.812500, 2.118998, 0.108
Train Iter 102, 0.804688, 2.414430, 0.111
Train Iter 103, 0.570312, 2.389472, 0.107
Train Iter 104, 0.687500, 2.064484, 0.107
Train Iter 105, 0.554688, 2.366359, 0.107
Train Iter 106, 0.773438, 2.078129, 0.109
Train Iter 107, 0.601562, 2.659866, 0.109
Train Iter 108, 1.000000, 1.073793, 0.109
Train Iter 109, 0.203125, 2.700049, 0.111
Train Iter 110, 1.000000, 0.337632, 0.109
Train Iter 111, 0.398438, 2.660161, 0.108
Train Iter 112, 0.679688, 2.227028, 0.108
Train Iter 113, 0.781250, 2.356516, 0.109
Train Iter 114, 0.765625, 1.869946, 0.110
Train Iter 115, 0.390625, 2.918480, 0.106
Train Iter 116, 0.585938, 2.554403, 0.110
Train Iter 117, 0.781250, 2.304717, 0.109
Train Iter 118, 0.679688, 2.169544, 0.107
Train Iter 119, 0.882812, 1.743929, 0.109
Train Iter 120, 0.351562, 2.796671, 0.110
Train Iter 121, 0.585938, 2.728126, 0.110
Train Iter 122, 0.828125, 2.245277, 0.111
Train Iter 123, 0.687500, 2.114854, 0.107
Train Iter 124, 0.710938, 2.258521, 0.111
Train Iter 125, 0.625000, 2.553750, 0.108
Train Iter 126, 0.554688, 2.538294, 0.109
Train Iter 127, 0.898438, 1.769433, 0.109
Train Iter 128, 0.726562, 2.522918, 0.105
Train Iter 129, 0.671875, 2.401969, 0.109
Train Iter 130, 0.812500, 2.128882, 0.108
Train Iter 131, 0.757812, 2.144838, 0.106
Train Iter 132, 0.812500, 2.350993, 0.108
Train Iter 133, 0.757812, 2.420056, 0.107
Train Iter 134, 0.789062, 2.118290, 0.111
Train Iter 135, 0.671875, 2.395886, 0.110
Train Iter 136, 0.421875, 2.587161, 0.109
Train Iter 137, 1.000000, 0.548772, 0.109
Train Iter 138, 0.679688, 2.227511, 0.112
Train Iter 139, 0.742188, 2.352591, 0.111
Train Iter 140, 0.773438, 1.810284, 0.109
Train Iter 141, 0.695312, 2.605899, 0.106
Train Iter 142, 0.789062, 2.591543, 0.107
Train Iter 143, 0.617188, 2.901872, 0.108
Train Iter 144, 0.710938, 2.335013, 0.107
Train Iter 145, 0.609375, 2.648450, 0.109
Train Iter 146, 0.851562, 2.049685, 0.108
Train Iter 147, 0.570312, 2.535709, 0.109
Train Iter 148, 0.632812, 2.505206, 0.106
Train Iter 149, 0.859375, 2.035695, 0.109
Train Iter 150, 0.859375, 1.617584, 0.110
Train Iter 151, 0.492188, 2.526181, 0.108
Train Iter 152, 0.765625, 2.103046, 0.109
Train Iter 153, 0.882812, 2.412536, 0.108
Train Iter 154, 0.757812, 2.326377, 0.110
Train Iter 155, 0.679688, 2.377520, 0.107
Train Iter 156, 0.523438, 2.677814, 0.108
Train Iter 157, 0.781250, 2.447638, 0.107
Train Iter 158, 1.000000, 1.922810, 0.109
Train Iter 159, 0.890625, 1.975343, 0.109
Train Iter 160, 0.812500, 1.686184, 0.106
Train Iter 161, 0.789062, 2.389371, 0.107
Train Iter 162, 0.671875, 2.317367, 0.111
Train Iter 163, 0.882812, 1.691284, 0.107
Train Iter 164, 0.757812, 2.101753, 0.106
Train Iter 165, 0.812500, 1.827738, 0.106
Train Iter 166, 0.507812, 2.564633, 0.109
Train Iter 167, 0.898438, 1.749282, 0.110
Train Iter 168, 0.476562, 2.824334, 0.106
Train Iter 169, 0.796875, 1.985687, 0.109
Train Iter 170, 0.750000, 1.563121, 0.109
Train Iter 171, 0.781250, 2.152771, 0.108
Train Iter 172, 0.859375, 2.408917, 0.110
Train Iter 173, 0.773438, 2.167976, 0.107
Train Iter 174, 0.960938, 1.621374, 0.108
Train Iter 175, 0.734375, 2.146319, 0.110
Train Iter 176, 0.812500, 2.628924, 0.109
Train Iter 177, 0.625000, 2.724462, 0.109
Train Iter 178, 0.718750, 2.146781, 0.109
Train Iter 179, 0.703125, 2.324599, 0.108
Train Iter 180, 0.921875, 1.828184, 0.110
Train Iter 181, 0.812500, 1.325405, 0.111
Train Iter 182, 0.742188, 2.118931, 0.109
Train Iter 183, 0.890625, 1.690868, 0.109
Train Iter 184, 0.828125, 2.147117, 0.107
Train Iter 185, 0.898438, 1.571464, 0.111
Train Iter 186, 0.859375, 2.294444, 0.111
Train Iter 187, 0.945312, 1.587885, 0.110
Train Iter 188, 0.773438, 1.851584, 0.107
Train Iter 189, 0.609375, 2.144702, 0.110
Train Iter 190, 0.539062, 2.586092, 0.110
Train Iter 191, 0.796875, 1.549780, 0.110
Train Iter 192, 0.921875, 1.632189, 0.105
Train Iter 193, 0.554688, 2.468459, 0.106
Train Iter 194, 0.687500, 2.100088, 0.108
Train Iter 195, 0.804688, 2.003772, 0.108
Train Iter 196, 0.835938, 1.970960, 0.109
Train Iter 197, 0.757812, 2.277333, 0.108
Train Iter 198, 0.851562, 2.069357, 0.109
Train Iter 199, 0.781250, 2.151487, 0.107
Train Iter 200, 0.703125, 2.238518, 0.110
Train Iter 201, 0.570312, 2.493766, 0.106
Train Iter 202, 0.914062, 1.501414, 0.108
Train Iter 203, 0.945312, 1.484276, 0.107
Train Iter 204, 0.843750, 2.049251, 0.109
Train Iter 205, 0.898438, 1.651755, 0.111
Train Iter 206, 0.859375, 2.106520, 0.111
Train Iter 207, 0.820312, 1.935270, 0.110
Train Iter 208, 0.898438, 1.617189, 0.107
Train Iter 209, 0.882812, 2.108984, 0.109
Train Iter 210, 0.601562, 1.824750, 0.109
Train Iter 211, 0.867188, 1.705869, 0.107
Train Iter 212, 0.875000, 1.384487, 0.107
Train Iter 213, 0.875000, 1.982966, 0.108
Train Iter 214, 0.781250, 1.993170, 0.110
Train Iter 215, 0.625000, 2.472957, 0.107
Train Iter 216, 0.773438, 1.659621, 0.107
Train Iter 217, 0.828125, 1.697708, 0.108
Train Iter 218, 0.726562, 2.355207, 0.106
Train Iter 219, 0.843750, 2.067654, 0.109
Train Iter 220, 0.882812, 1.708953, 0.108
Train Iter 221, 0.718750, 2.108546, 0.108
Train Iter 222, 1.000000, 1.519661, 0.109
Train Iter 223, 0.710938, 2.340759, 0.118
Train Iter 224, 0.570312, 2.089423, 0.108
Train Iter 225, 0.765625, 1.477509, 0.107
Train Iter 226, 0.929688, 1.565784, 0.110
Train Iter 227, 0.734375, 2.303596, 0.108
Train Iter 228, 0.640625, 2.536584, 0.110
Train Iter 229, 0.914062, 1.741104, 0.110
Train Iter 230, 0.828125, 1.780889, 0.111
Train Iter 231, 0.734375, 2.021453, 0.108
Train Iter 232, 0.765625, 1.946444, 0.106
Train Iter 233, 0.867188, 2.404878, 0.106
Train Iter 234, 0.851562, 1.792157, 0.107
Train Iter 235, 0.851562, 2.021508, 0.109
Train Iter 236, 0.875000, 1.971341, 0.110
Train Iter 237, 0.718750, 2.579695, 0.108
Train Iter 238, 0.718750, 1.591138, 0.108
Train Iter 239, 0.640625, 2.158026, 0.109
Train Iter 240, 0.625000, 2.288624, 0.111
Train Iter 241, 0.757812, 2.324836, 0.105
Train Iter 242, 1.000000, 1.290114, 0.108
Train Iter 243, 0.710938, 1.785886, 0.109
Train Iter 244, 0.851562, 1.732101, 0.109
Train Iter 245, 0.570312, 2.306310, 0.112
Train Iter 246, 0.828125, 1.721273, 0.112
Train Iter 247, 0.640625, 1.988030, 0.111
Train Iter 248, 0.906250, 1.334730, 0.108
Train Iter 249, 0.664062, 2.875025, 0.109
Train Iter 250, 0.882812, 2.267960, 0.110
Train Iter 251, 0.796875, 2.318585, 0.109
Train Iter 252, 0.796875, 2.041458, 0.105
Train Iter 253, 0.679688, 2.659484, 0.108
Train Iter 254, 0.953125, 1.390370, 0.111
Train Iter 255, 0.851562, 2.171544, 0.108
Train Iter 256, 0.851562, 1.874907, 0.112
Train Iter 257, 0.710938, 2.205576, 0.108
Train Iter 258, 0.609375, 2.440123, 0.110
Train Iter 259, 0.398438, 2.804497, 0.109
Train Iter 260, 0.507812, 2.334313, 0.109
Train Iter 261, 0.882812, 1.601611, 0.110
Train Iter 262, 0.859375, 2.002961, 0.109
Train Iter 263, 0.585938, 2.583460, 0.109
Train Iter 264, 0.625000, 2.411456, 0.107
Train Iter 265, 0.804688, 1.683866, 0.111
Train Iter 266, 0.617188, 2.249813, 0.108
Train Iter 267, 0.820312, 1.961486, 0.107
Train Iter 268, 0.843750, 1.505824, 0.105
Train Iter 269, 0.843750, 2.117414, 0.108
Train Iter 270, 0.828125, 2.094642, 0.108
Train Iter 271, 0.757812, 1.675945, 0.108
Train Iter 272, 0.820312, 2.115592, 0.109
Train Iter 273, 0.820312, 1.801826, 0.106
Train Iter 274, 0.921875, 1.752028, 0.109
Train Iter 275, 0.765625, 1.857595, 0.110
Train Iter 276, 0.781250, 2.174964, 0.108
Train Iter 277, 0.890625, 1.669753, 0.108
Train Iter 278, 0.750000, 2.024354, 0.110
Train Iter 279, 0.671875, 2.181410, 0.107
Train Iter 280, 0.796875, 2.346988, 0.107
Train Iter 281, 0.875000, 1.539561, 0.107
Train Iter 282, 0.679688, 2.017885, 0.107
Train Iter 283, 0.742188, 2.354939, 0.110
Train Iter 284, 0.773438, 2.224247, 0.106
Train Iter 285, 0.828125, 2.146175, 0.108
Train Iter 286, 0.890625, 1.399741, 0.111
Train Iter 287, 1.000000, 1.275774, 0.108
Train Iter 288, 0.835938, 1.632733, 0.109
Train Iter 289, 0.765625, 1.859340, 0.108
Train Iter 290, 0.812500, 1.892980, 0.109
Train Iter 291, 0.671875, 2.237666, 0.109
Train Iter 292, 0.781250, 1.908578, 0.108
Train Iter 293, 0.765625, 1.863136, 0.107
Train Iter 294, 0.679688, 2.304922, 0.107
Train Iter 295, 0.859375, 1.982789, 0.106
Train Iter 296, 0.796875, 1.963617, 0.107
Train Iter 297, 0.687500, 2.001254, 0.108
Train Iter 298, 0.742188, 2.146105, 0.111
Train Iter 299, 0.703125, 1.947914, 0.108
Train Iter 300, 0.929688, 1.554927, 0.110
Train Iter 301, 0.875000, 1.658533, 0.107
Train Iter 302, 0.703125, 2.285749, 0.109
Train Iter 303, 0.757812, 1.792494, 0.110
Train Iter 304, 0.765625, 2.154982, 0.108
Train Iter 305, 1.000000, 1.029451, 0.109
Train Iter 306, 0.859375, 1.620282, 0.109
Train Iter 307, 1.000000, 1.347330, 0.109
Train Iter 308, 1.000000, 0.614635, 0.109
Train Iter 309, 1.000000, 1.351732, 0.109
Train Iter 310, 0.640625, 2.233185, 0.108
Train Iter 311, 0.906250, 1.246635, 0.111
Train Iter 312, 0.820312, 1.808108, 0.108
Train Iter 313, 0.781250, 1.762194, 0.111
Train Iter 314, 0.890625, 1.789303, 0.112
Train Iter 315, 0.742188, 2.131983, 0.106
Train Iter 316, 0.890625, 1.262754, 0.110
Train Iter 317, 0.898438, 1.049593, 0.107
Train Iter 318, 0.625000, 2.337380, 0.108
Train Iter 319, 0.796875, 1.709818, 0.112
Train Iter 320, 0.664062, 2.382646, 0.105
Train Iter 321, 0.937500, 1.402199, 0.109
Train Iter 322, 0.781250, 1.796064, 0.110
Train Iter 323, 0.726562, 2.006899, 0.109
Train Iter 324, 0.867188, 1.581160, 0.110
Train Iter 325, 0.820312, 1.446239, 0.109
Train Iter 326, 0.828125, 1.668885, 0.110
Train Iter 327, 0.937500, 1.268199, 0.110
Train Iter 328, 0.695312, 1.821466, 0.108
Train Iter 329, 0.820312, 1.170151, 0.108
Train Iter 330, 0.812500, 1.778030, 0.110
Train Iter 331, 0.750000, 2.160747, 0.107
Train Iter 332, 0.937500, 1.345023, 0.107
Train Iter 333, 0.796875, 1.692402, 0.107
Train Iter 334, 1.000000, 0.112165, 0.108
Train Iter 335, 1.000000, 0.861112, 0.106
Train Iter 336, 0.867188, 1.327273, 0.108
Train Iter 337, 0.523438, 2.074594, 0.105
Train Iter 338, 0.820312, 1.460402, 0.109
Train Iter 339, 0.898438, 1.169336, 0.111
Train Iter 340, 1.000000, 0.115321, 0.109
Train Iter 341, 0.601562, 2.183795, 0.109
Train Iter 342, 0.851562, 2.059128, 0.109
Train Iter 343, 0.812500, 2.171973, 0.110
Train Iter 344, 0.953125, 1.049334, 0.106
Train Iter 345, 0.765625, 2.280373, 0.110
Train Iter 346, 0.921875, 1.315405, 0.108
Train Iter 347, 0.851562, 1.673473, 0.109
Train Iter 348, 0.601562, 1.229947, 0.109
Train Iter 349, 0.687500, 2.293864, 0.109
Train Iter 350, 0.960938, 1.081817, 0.110
Train Iter 351, 0.898438, 2.089780, 0.107
Train Iter 352, 1.000000, 1.295190, 0.107
Train Iter 353, 0.765625, 1.840622, 0.109
Train Iter 354, 0.679688, 2.407686, 0.109
Train Iter 355, 0.750000, 1.816231, 0.110
Train Iter 356, 0.960938, 0.599835, 0.111
Train Iter 357, 0.851562, 1.571341, 0.111
Train Iter 358, 0.679688, 2.601075, 0.110
Train Iter 359, 0.515625, 2.573418, 0.106
Train Iter 360, 0.898438, 1.355801, 0.106
Train Iter 361, 0.968750, 1.396953, 0.108
Train Iter 362, 0.843750, 1.426412, 0.108
Train Iter 363, 0.812500, 2.487251, 0.107
Train Iter 364, 0.976562, 1.379217, 0.109
Train Iter 365, 0.937500, 1.411878, 0.110
Train Iter 366, 0.890625, 0.964429, 0.109
Train Iter 367, 0.742188, 2.098535, 0.110
Train Iter 368, 0.875000, 1.681898, 0.108
Train Iter 369, 0.937500, 1.550356, 0.108
Train Iter 370, 0.921875, 1.378463, 0.108
Train Iter 371, 0.726562, 2.792666, 0.106
Train Iter 372, 0.789062, 2.094842, 0.107
Train Iter 373, 1.000000, 0.833153, 0.110
Train Iter 374, 0.851562, 1.281671, 0.107
Train Iter 375, 0.953125, 1.063705, 0.109
Train Iter 376, 1.000000, 1.399038, 0.107
Train Iter 377, 0.765625, 1.994593, 0.109
Train Iter 378, 0.882812, 1.675031, 0.108
Train Iter 379, 0.804688, 1.865957, 0.111
Train Iter 380, 0.820312, 1.786866, 0.109
Train Iter 381, 0.820312, 1.951338, 0.109
Train Iter 382, 0.812500, 1.844381, 0.109
Train Iter 383, 0.945312, 1.323441, 0.108
Train Iter 384, 0.898438, 1.404378, 0.108
Train Iter 385, 0.953125, 1.001367, 0.108
Train Iter 386, 1.000000, 0.835634, 0.108
Train Iter 387, 0.929688, 1.390168, 0.108
Train Iter 388, 0.820312, 1.653401, 0.108
Train Iter 389, 0.828125, 1.905251, 0.109
Train Iter 390, 0.914062, 1.071615, 0.109
Train Iter 391, 0.664062, 2.110145, 0.108
Train Iter 392, 0.906250, 1.735822, 0.110
Train Iter 393, 0.695312, 2.317153, 0.107
Train Iter 394, 1.000000, 0.539474, 0.107
Train Iter 395, 0.843750, 1.454494, 0.108
Train Iter 396, 1.000000, 1.345374, 0.107
Train Iter 397, 0.929688, 0.954163, 0.107
Train Iter 398, 0.859375, 1.348710, 0.109
Train Iter 399, 0.726562, 2.041341, 0.108
Train Iter 400, 0.859375, 1.941934, 0.111
Train Iter 401, 0.875000, 1.090326, 0.110
Train Iter 402, 0.953125, 0.852544, 0.108
Train Iter 403, 0.851562, 1.848550, 0.108
Train Iter 404, 0.812500, 1.791735, 0.108
Train Iter 405, 0.789062, 1.905948, 0.111
Train Iter 406, 1.000000, 0.814660, 0.108
Train Iter 407, 1.000000, 1.319653, 0.109
Train Iter 408, 0.851562, 1.461481, 0.110
Train Iter 409, 0.789062, 2.064528, 0.107
Train Iter 410, 0.906250, 1.064058, 0.108
Train Iter 411, 0.867188, 1.755424, 0.108
Train Iter 412, 0.820312, 2.123971, 0.110
Train Iter 413, 0.914062, 1.074740, 0.108
Train Iter 414, 0.812500, 1.615014, 0.109
Train Iter 415, 0.500000, 3.068006, 0.109
Train Iter 416, 0.476562, 3.456295, 0.106
Train Iter 417, 0.960938, 1.515993, 0.111
Train Iter 418, 1.000000, 0.576837, 0.107
Train Iter 419, 0.796875, 1.661776, 0.108
Train Iter 420, 0.687500, 2.299901, 0.108
Train Iter 421, 0.859375, 1.313399, 0.107
Train Iter 422, 0.773438, 1.893735, 0.107
Train Iter 423, 0.945312, 1.348768, 0.111
Train Iter 424, 0.812500, 1.955378, 0.109
Train Iter 425, 0.804688, 1.991272, 0.109
Train Iter 426, 0.945312, 1.549596, 0.108
Train Iter 427, 0.914062, 1.483492, 0.108
Train Iter 428, 0.804688, 1.755970, 0.111
Train Iter 429, 0.953125, 1.231578, 0.110
Train Iter 430, 0.906250, 1.310117, 0.106
Train Iter 431, 0.890625, 1.799342, 0.108
Train Iter 432, 1.000000, 0.684324, 0.110
Train Iter 433, 0.804688, 2.120506, 0.109
Train Iter 434, 0.875000, 1.497456, 0.108
Train Iter 435, 0.812500, 2.227163, 0.111
Train Iter 436, 0.851562, 1.773672, 0.108
Train Iter 437, 0.914062, 1.496292, 0.107
Train Iter 438, 0.898438, 1.694577, 0.107
Train Iter 439, 0.781250, 1.733724, 0.108
Train Iter 440, 0.710938, 1.666968, 0.108
Train Iter 441, 0.796875, 2.055192, 0.107
Train Iter 442, 0.703125, 2.040499, 0.111
Train Iter 443, 0.820312, 1.729977, 0.112
Train Iter 444, 0.898438, 1.644073, 0.109
Train Iter 445, 1.000000, 0.186622, 0.107
Train Iter 446, 0.937500, 1.289017, 0.110
Train Iter 447, 0.953125, 1.370248, 0.108
Train Iter 448, 0.820312, 1.905055, 0.107
Train Iter 449, 0.875000, 1.424632, 0.111
Train Iter 450, 0.726562, 2.376289, 0.109
Train Iter 451, 0.898438, 1.396079, 0.109
Train Iter 452, 0.859375, 1.312980, 0.109
Train Iter 453, 1.000000, 0.164029, 0.106
Train Iter 454, 0.843750, 1.269073, 0.108
Train Iter 455, 0.890625, 1.705068, 0.107
Train Iter 456, 0.789062, 2.040126, 0.110
Train Iter 457, 0.921875, 1.273352, 0.107
Train Iter 458, 0.796875, 1.798908, 0.107
Train Iter 459, 0.843750, 1.524726, 0.111
Train Iter 460, 0.867188, 1.547316, 0.108
Train Iter 461, 0.945312, 0.983531, 0.107
Train Iter 462, 0.906250, 1.196434, 0.109
Train Iter 463, 0.921875, 1.330680, 0.108
Train Iter 464, 0.773438, 1.778488, 0.110
Train Iter 465, 0.679688, 1.864562, 0.107
Train Iter 466, 0.812500, 2.002367, 0.107
Train Iter 467, 0.765625, 1.717484, 0.108
Train Iter 468, 0.718750, 1.726299, 0.108
Train Iter 469, 0.734375, 1.713369, 0.107
Train Iter 470, 0.921875, 1.265356, 0.109
Train Iter 471, 1.000000, 0.816928, 0.110
Train Iter 472, 0.851562, 1.506902, 0.108
Train Iter 473, 0.812500, 1.545116, 0.108
Train Iter 474, 0.789062, 2.031816, 0.110
Train Iter 475, 0.773438, 1.596631, 0.110
Train Iter 476, 0.835938, 2.140185, 0.106
Train Iter 477, 0.921875, 1.350223, 0.108
Train Iter 478, 0.835938, 1.189084, 0.106
Train Iter 479, 0.695312, 1.909483, 0.108
Train Iter 480, 0.921875, 1.303100, 0.111
Train Iter 481, 0.890625, 1.164667, 0.110
Train Iter 482, 0.906250, 1.146653, 0.107
Train Iter 483, 0.687500, 2.071622, 0.109
Train Iter 484, 0.554688, 2.763076, 0.109
Train Iter 485, 0.976562, 0.893249, 0.110
Train Iter 486, 0.539062, 2.600571, 0.109
Train Iter 487, 0.976562, 1.035947, 0.107
Train Iter 488, 0.937500, 1.610132, 0.107
Train Iter 489, 0.820312, 1.671571, 0.107
Train Iter 490, 0.781250, 2.170774, 0.109
Train Iter 491, 1.000000, 0.317482, 0.110
Train Iter 492, 0.796875, 1.325946, 0.109
Train Iter 493, 0.890625, 1.959137, 0.106
Train Iter 494, 0.765625, 2.066963, 0.110
Train Iter 495, 0.734375, 1.934730, 0.110
Train Iter 496, 0.875000, 1.265660, 0.107
Train Iter 497, 0.867188, 1.453566, 0.109
Train Iter 498, 0.945312, 0.926184, 0.109
Train Iter 499, 0.640625, 1.939668, 0.106
Train Iter 500, 0.851562, 1.476923, 0.109
Train Iter 501, 0.835938, 1.665872, 0.109
Train Iter 502, 1.000000, 0.706306, 0.108
Train Iter 503, 0.882812, 1.389568, 0.108
Train Iter 504, 0.820312, 1.849225, 0.110
Train Iter 505, 0.914062, 1.585582, 0.109
Train Iter 506, 0.859375, 1.753359, 0.108
Train Iter 507, 0.789062, 1.722501, 0.109
Train Iter 508, 0.882812, 1.332094, 0.107
Train Iter 509, 0.710938, 1.479931, 0.107
Train Iter 510, 0.906250, 1.559945, 0.110
Train Iter 511, 0.898438, 1.388838, 0.109
Train Iter 512, 0.906250, 1.322502, 0.110
Train Iter 513, 0.976562, 0.914068, 0.108
Train Iter 514, 0.976562, 1.444277, 0.108
Train Iter 515, 0.859375, 2.221058, 0.108
Train Iter 516, 1.000000, 0.206705, 0.110
Train Iter 517, 0.765625, 1.777243, 0.105
Train Iter 518, 1.000000, 0.749287, 0.110
Train Iter 519, 0.820312, 1.904889, 0.107
Train Iter 520, 0.867188, 1.195097, 0.109
Train Iter 521, 0.726562, 2.078843, 0.108
Train Iter 522, 1.000000, 0.128624, 0.107
Train Iter 523, 0.835938, 1.736967, 0.109
Train Iter 524, 0.789062, 1.520737, 0.108
Train Iter 525, 0.828125, 1.457626, 0.112
Train Iter 526, 0.882812, 1.500045, 0.105
Train Iter 527, 1.000000, 1.244039, 0.107
Train Iter 528, 0.890625, 1.168127, 0.110
Train Iter 529, 0.804688, 1.553161, 0.107
Train Iter 530, 0.796875, 1.671651, 0.108
Train Iter 531, 1.000000, 0.545183, 0.112
Train Iter 532, 0.914062, 1.090194, 0.108
Train Iter 533, 0.898438, 1.199072, 0.109
Train Iter 534, 1.000000, 0.492793, 0.108
Train Iter 535, 0.726562, 1.401814, 0.111
Train Iter 536, 0.851562, 1.661520, 0.111
Train Iter 537, 0.835938, 1.161365, 0.108
Train Iter 538, 1.000000, 0.574248, 0.109
Train Iter 539, 1.000000, 0.670198, 0.108
Train Iter 540, 0.984375, 0.972704, 0.109
Train Iter 541, 1.000000, 0.543615, 0.110
Train Iter 542, 0.960938, 0.856463, 0.107
Train Iter 543, 0.796875, 1.500030, 0.106
Train Iter 544, 0.968750, 0.976288, 0.105
Train Iter 545, 0.789062, 1.330925, 0.109
Train Iter 546, 0.890625, 1.190625, 0.109
Train Iter 547, 0.710938, 2.598262, 0.108
Train Iter 548, 0.859375, 1.053666, 0.109
Train Iter 549, 0.835938, 1.956383, 0.108
Train Iter 550, 0.882812, 1.339721, 0.110
Train Iter 551, 0.835938, 1.340801, 0.107
Train Iter 552, 0.898438, 1.018543, 0.108
Train Iter 553, 0.804688, 2.299582, 0.109
Train Iter 554, 0.921875, 1.259377, 0.109
Train Iter 555, 0.937500, 1.160475, 0.109
Train Iter 556, 0.945312, 0.907313, 0.112
Train Iter 557, 0.945312, 0.675311, 0.106
Train Iter 558, 0.820312, 1.945393, 0.106
Train Iter 559, 0.804688, 1.457579, 0.109
Train Iter 560, 0.898438, 1.265039, 0.107
Train Iter 561, 0.765625, 1.353779, 0.110
Train Iter 562, 0.960938, 1.039229, 0.106
Train Iter 563, 1.000000, 0.704251, 0.106
Train Iter 564, 1.000000, 0.580510, 0.107
Train Iter 565, 0.804688, 1.986019, 0.106
Train Iter 566, 0.968750, 0.791464, 0.110
Train Iter 567, 0.953125, 0.832642, 0.108
Train Iter 568, 0.835938, 1.478498, 0.109
Train Iter 569, 0.875000, 1.462057, 0.110
Train Iter 570, 0.484375, 2.710508, 0.109
Train Iter 571, 1.000000, 0.355969, 0.111
Train Iter 572, 0.945312, 1.122210, 0.109
Train Iter 573, 0.804688, 1.378514, 0.111
Train Iter 574, 0.695312, 2.238507, 0.109
Train Iter 575, 1.000000, 0.732910, 0.107
Train Iter 576, 0.960938, 0.910846, 0.107
Train Iter 577, 0.937500, 0.849509, 0.108
Train Iter 578, 0.773438, 1.895955, 0.106
Train Iter 579, 0.976562, 0.723379, 0.108
Train Iter 580, 0.914062, 0.798778, 0.110
Train Iter 581, 1.000000, 0.612393, 0.107
Train Iter 582, 0.835938, 1.746101, 0.108
Train Iter 583, 0.882812, 1.324848, 0.109
Train Iter 584, 0.921875, 0.926242, 0.108
Train Iter 585, 0.812500, 1.476624, 0.109
Train Iter 586, 0.867188, 1.441802, 0.110
Train Iter 587, 0.968750, 0.941161, 0.111
Train Iter 588, 0.679688, 2.026885, 0.111
Train Iter 589, 0.875000, 1.686534, 0.110
Train Iter 590, 0.757812, 1.754500, 0.108
Train Iter 591, 0.828125, 1.574282, 0.109
Train Iter 592, 0.875000, 1.305594, 0.107
Train Iter 593, 0.898438, 1.205285, 0.111
Train Iter 594, 0.929688, 1.082068, 0.108
Train Iter 595, 0.820312, 1.554901, 0.109
Train Iter 596, 0.820312, 1.846053, 0.106
Train Iter 597, 0.992188, 0.562369, 0.106
Train Iter 598, 0.875000, 1.141547, 0.111
Train Iter 599, 0.968750, 0.765885, 0.107
Train Iter 600, 0.937500, 1.407512, 0.108
Train Iter 601, 0.945312, 0.969950, 0.109
Train Iter 602, 0.828125, 1.806842, 0.109
Train Iter 603, 0.960938, 0.575080, 0.111
Train Iter 604, 0.890625, 1.317503, 0.110
Train Iter 605, 0.710938, 2.071846, 0.109
Train Iter 606, 1.000000, 0.696999, 0.109
Train Iter 607, 0.937500, 0.947748, 0.106
Train Iter 608, 0.875000, 1.931962, 0.107
Train Iter 609, 0.851562, 1.482778, 0.108
Train Iter 610, 0.921875, 0.994953, 0.109
Train Iter 611, 0.937500, 0.906656, 0.109
Train Iter 612, 0.960938, 0.775660, 0.105
Train Iter 613, 0.945312, 0.337391, 0.110
Train Iter 614, 0.929688, 0.704108, 0.108
Train Iter 615, 1.000000, 0.451443, 0.110
Train Iter 616, 1.000000, 0.674161, 0.106
Train Iter 617, 0.906250, 2.019004, 0.107
Train Iter 618, 0.843750, 1.021938, 0.108
Train Iter 619, 0.726562, 2.003552, 0.108
Train Iter 620, 0.882812, 0.998579, 0.110
Train Iter 621, 0.906250, 1.594962, 0.107
Train Iter 622, 0.921875, 1.091345, 0.110
Train Iter 623, 0.867188, 1.871986, 0.108
Train Iter 624, 0.953125, 0.973107, 0.108
Train Iter 625, 0.859375, 1.274076, 0.105
Train Iter 626, 0.945312, 0.808791, 0.109
Train Iter 627, 0.937500, 1.183378, 0.108
Train Iter 628, 1.000000, 0.080167, 0.109
Train Iter 629, 0.945312, 1.160661, 0.110
Train Iter 630, 0.953125, 0.582567, 0.109
Train Iter 631, 0.890625, 1.375151, 0.110
Train Iter 632, 0.789062, 1.943020, 0.110
Train Iter 633, 0.851562, 1.309373, 0.112
Train Iter 634, 1.000000, 0.401202, 0.107
Train Iter 635, 0.929688, 0.901630, 0.109
Train Iter 636, 0.601562, 2.088986, 0.106
Train Iter 637, 0.890625, 1.112581, 0.111
Train Iter 638, 0.828125, 1.611066, 0.107
Train Iter 639, 0.812500, 1.271163, 0.106
Train Iter 640, 0.804688, 2.361473, 0.108
Train Iter 641, 1.000000, 0.061167, 0.106
Train Iter 642, 0.718750, 2.069339, 0.108
Train Iter 643, 0.960938, 0.590327, 0.110
Train Iter 644, 0.812500, 1.664921, 0.108
Train Iter 645, 0.820312, 1.358390, 0.110
Train Iter 646, 0.851562, 1.748657, 0.106
Train Iter 647, 0.812500, 1.720166, 0.112
Train Iter 648, 0.921875, 0.948136, 0.107
Train Iter 649, 0.484375, 2.598911, 0.106
Train Iter 650, 0.859375, 1.724740, 0.111
Train Iter 651, 0.695312, 2.022073, 0.106
Train Iter 652, 1.000000, 0.249282, 0.109
Train Iter 653, 0.921875, 1.128219, 0.110
Train Iter 654, 0.835938, 1.407686, 0.109
Train Iter 655, 0.796875, 1.673248, 0.107
Train Iter 656, 0.914062, 1.255004, 0.107
Train Iter 657, 1.000000, 0.647640, 0.108
Train Iter 658, 1.000000, 0.056972, 0.111
Train Iter 659, 0.695312, 1.909501, 0.110
Train Iter 660, 0.882812, 1.185288, 0.111
Train Iter 661, 1.000000, 0.417581, 0.107
Train Iter 662, 0.812500, 1.280308, 0.110
Train Iter 663, 0.789062, 1.799016, 0.109
Train Iter 664, 0.820312, 1.462994, 0.109
Train Iter 665, 1.000000, 0.506021, 0.109
Train Iter 666, 0.875000, 1.341521, 0.108
Train Iter 667, 1.000000, 0.503040, 0.109
Train Iter 668, 1.000000, 0.149053, 0.107
Train Iter 669, 0.953125, 0.571422, 0.109
Train Iter 670, 0.960938, 0.908854, 0.107
Train Iter 671, 0.812500, 1.292421, 0.110
Train Iter 672, 0.859375, 1.350693, 0.109
Train Iter 673, 0.937500, 1.149325, 0.106
Train Iter 674, 1.000000, 0.557742, 0.110
Train Iter 675, 0.835938, 1.540027, 0.109
Train Iter 676, 1.000000, 0.632374, 0.111
Train Iter 677, 1.000000, 0.446613, 0.109
Train Iter 678, 0.937500, 0.781548, 0.110
Train Iter 679, 0.773438, 1.721961, 0.109
Train Iter 680, 0.882812, 1.060403, 0.110
Train Iter 681, 0.750000, 1.842755, 0.110
Train Iter 682, 0.937500, 0.730850, 0.108
Train Iter 683, 0.984375, 0.777240, 0.107
Train Iter 684, 0.859375, 1.493448, 0.108
Train Iter 685, 1.000000, 0.261756, 0.109
Train Iter 686, 0.804688, 1.319053, 0.108
Train Iter 687, 0.882812, 1.522606, 0.106
Train Iter 688, 0.882812, 1.262541, 0.109
Train Iter 689, 0.898438, 1.096983, 0.110
Train Iter 690, 0.968750, 0.594878, 0.111
Train Iter 691, 0.789062, 2.133075, 0.109
Train Iter 692, 0.953125, 0.837215, 0.106
Train Iter 693, 0.984375, 0.650559, 0.108
Train Iter 694, 0.703125, 2.151506, 0.108
Train Iter 695, 0.875000, 1.223721, 0.105
Train Iter 696, 0.906250, 1.514348, 0.107
Train Iter 697, 0.828125, 1.865391, 0.108
Train Iter 698, 0.820312, 1.587281, 0.109
Train Iter 699, 0.992188, 0.587146, 0.109
Train Iter 700, 0.921875, 1.413432, 0.107
Train Iter 701, 0.953125, 0.833032, 0.109
Train Iter 702, 0.914062, 1.421047, 0.106
Train Iter 703, 0.835938, 1.097043, 0.111
Train Iter 704, 1.000000, 0.432072, 0.110
Train Iter 705, 0.929688, 1.290894, 0.110
Train Iter 706, 0.875000, 1.920386, 0.108
Train Iter 707, 0.921875, 1.383879, 0.109
Train Iter 708, 0.828125, 1.237399, 0.107
Train Iter 709, 0.875000, 1.097619, 0.109
Train Iter 710, 0.914062, 0.915520, 0.108
Train Iter 711, 0.843750, 1.624942, 0.109
Train Iter 712, 0.765625, 1.810442, 0.110
Train Iter 713, 0.906250, 0.695804, 0.109
Train Iter 714, 0.750000, 1.635886, 0.109
Train Iter 715, 0.976562, 0.938796, 0.109
Train Iter 716, 0.976562, 0.706608, 0.108
Train Iter 717, 1.000000, 0.593488, 0.105
Train Iter 718, 0.945312, 1.098017, 0.108
Train Iter 719, 0.804688, 1.920564, 0.108
Train Iter 720, 0.750000, 2.117045, 0.107
Train Iter 721, 0.601562, 2.254304, 0.110
Train Iter 722, 0.929688, 1.113449, 0.110
Train Iter 723, 0.828125, 1.168533, 0.107
Train Iter 724, 0.843750, 1.299089, 0.107
Train Iter 725, 0.914062, 0.834352, 0.106
Train Iter 726, 1.000000, 0.275602, 0.109
Train Iter 727, 0.710938, 1.656972, 0.110
Train Iter 728, 0.859375, 1.376568, 0.109
Train Iter 729, 0.890625, 1.193061, 0.106
Train Iter 730, 0.898438, 1.374103, 0.108
Train Iter 731, 0.921875, 0.834390, 0.110
Train Iter 732, 1.000000, 0.661861, 0.109
Train Iter 733, 1.000000, 0.262079, 0.110
Train Iter 734, 0.960938, 0.700204, 0.110
Train Iter 735, 0.890625, 1.567459, 0.112
Train Iter 736, 0.898438, 1.000286, 0.109
Train Iter 737, 0.789062, 2.130643, 0.107
Train Iter 738, 0.929688, 0.810027, 0.110
Train Iter 739, 0.960938, 0.867519, 0.109
Train Iter 740, 0.804688, 1.688899, 0.107
Train Iter 741, 0.906250, 1.098284, 0.110
Train Iter 742, 0.796875, 1.577602, 0.109
Train Iter 743, 0.921875, 1.045505, 0.111
Train Iter 744, 0.867188, 1.197326, 0.110
Train Iter 745, 0.976562, 0.744567, 0.107
Train Iter 746, 0.750000, 1.484312, 0.107
Train Iter 747, 0.765625, 1.726946, 0.109
Train Iter 748, 0.921875, 0.836891, 0.110
Train Iter 749, 0.875000, 1.197016, 0.107
Train Iter 750, 0.843750, 1.526204, 0.108
Train Iter 751, 0.953125, 0.669524, 0.109
Train Iter 752, 0.820312, 1.363149, 0.111
Train Iter 753, 0.781250, 1.541851, 0.108
Train Iter 754, 0.625000, 2.151393, 0.106
Train Iter 755, 1.000000, 0.080510, 0.110
Train Iter 756, 0.898438, 1.081875, 0.107
Train Iter 757, 1.000000, 0.544460, 0.108
Train Iter 758, 0.960938, 0.768818, 0.107
Train Iter 759, 0.742188, 1.703451, 0.110
Train Iter 760, 0.968750, 0.623601, 0.107
Train Iter 761, 0.687500, 2.046226, 0.107
Train Iter 762, 0.781250, 1.865241, 0.109
Train Iter 763, 0.914062, 0.997475, 0.111
Train Iter 764, 0.875000, 2.008055, 0.108
Train Iter 765, 0.828125, 1.617344, 0.108
Train Iter 766, 0.851562, 1.841817, 0.111
Train Iter 767, 0.921875, 1.167279, 0.108
Train Iter 768, 0.929688, 0.935154, 0.109
Train Iter 769, 0.859375, 1.313091, 0.109
Train Iter 770, 0.890625, 0.984258, 0.106
Train Iter 771, 0.765625, 1.730755, 0.109
Train Iter 772, 0.875000, 1.293180, 0.109
Train Iter 773, 0.726562, 1.712855, 0.107
Train Iter 774, 0.687500, 2.198430, 0.108
Train Iter 775, 0.937500, 0.835090, 0.111
Train Iter 776, 0.921875, 1.216329, 0.110
Train Iter 777, 0.945312, 0.762989, 0.111
Train Iter 778, 0.960938, 0.597206, 0.107
Train Iter 779, 0.906250, 1.579669, 0.107
Train Iter 780, 0.921875, 1.276016, 0.107
Train Iter 781, 0.835938, 1.488023, 0.107
Train Iter 782, 0.765625, 1.873834, 0.107
Train Iter 783, 0.968750, 0.613381, 0.109
Train Iter 784, 1.000000, 0.012124, 0.108
Train Iter 785, 0.953125, 0.611181, 0.109
Train Iter 786, 0.718750, 1.926110, 0.107
Train Iter 787, 0.765625, 1.782752, 0.107
Train Iter 788, 0.921875, 0.976279, 0.111
Train Iter 789, 0.914062, 1.123647, 0.111
Train Iter 790, 0.882812, 1.264230, 0.109
Train Iter 791, 0.781250, 1.360548, 0.110
Train Iter 792, 1.000000, 0.004160, 0.110
Train Iter 793, 0.937500, 1.056059, 0.109
Train Iter 794, 0.773438, 1.741743, 0.109
Train Iter 795, 0.835938, 1.882331, 0.110
Train Iter 796, 0.750000, 2.066230, 0.107
Train Iter 797, 0.929688, 1.128378, 0.110
Train Iter 798, 0.781250, 1.549371, 0.111
Train Iter 799, 0.812500, 1.628865, 0.110
Train Iter 800, 0.921875, 1.128784, 0.107
Train Iter 801, 1.000000, 0.272072, 0.107
Train Iter 802, 0.546875, 2.536205, 0.109
Train Iter 803, 0.632812, 2.523051, 0.106
Train Iter 804, 0.570312, 3.079870, 0.108
Train Iter 805, 1.000000, 0.032544, 0.107
Train Iter 806, 0.953125, 1.393215, 0.109
Train Iter 807, 0.781250, 1.617734, 0.108
Train Iter 808, 1.000000, 0.502259, 0.110
Train Iter 809, 0.945312, 1.357763, 0.108
Train Iter 810, 0.796875, 1.761867, 0.110
Train Iter 811, 0.843750, 1.041937, 0.108
Train Iter 812, 0.906250, 1.662920, 0.106
Train Iter 813, 1.000000, 0.872487, 0.107
Train Iter 814, 0.906250, 1.293453, 0.107
Train Iter 815, 0.812500, 1.324780, 0.110
Train Iter 816, 0.914062, 0.950873, 0.109
Train Iter 817, 0.976562, 0.989389, 0.106
Train Iter 818, 0.945312, 0.981309, 0.107
Train Iter 819, 0.914062, 0.882156, 0.111
Train Iter 820, 0.835938, 1.577220, 0.109
Train Iter 821, 0.859375, 1.873287, 0.108
Train Iter 822, 0.875000, 2.140210, 0.107
Train Iter 823, 0.929688, 1.017306, 0.110
Train Iter 824, 0.945312, 0.829782, 0.108
Train Iter 825, 0.914062, 0.454944, 0.108
Train Iter 826, 0.921875, 0.962005, 0.108
Train Iter 827, 0.726562, 1.825979, 0.111
Train Iter 828, 0.812500, 1.239019, 0.112
Train Iter 829, 0.929688, 0.981716, 0.108
Train Iter 830, 0.898438, 1.489644, 0.110
Train Iter 831, 0.828125, 1.358848, 0.109
Train Iter 832, 0.710938, 2.870186, 0.110
Train Iter 833, 0.664062, 2.391734, 0.108
Train Iter 834, 0.820312, 2.079057, 0.109
Train Iter 835, 0.695312, 1.913081, 0.106
Train Iter 836, 0.875000, 1.216876, 0.111
Train Iter 837, 0.968750, 0.568935, 0.110
Train Iter 838, 0.945312, 0.796727, 0.109
Train Iter 839, 0.765625, 1.441687, 0.109
Train Iter 840, 1.000000, 0.551077, 0.108
Train Iter 841, 0.929688, 0.653896, 0.106
Train Iter 842, 1.000000, 0.229426, 0.109
Train Iter 843, 0.875000, 1.083594, 0.107
Train Iter 844, 0.921875, 0.866293, 0.108
Train Iter 845, 0.890625, 1.776754, 0.111
Train Iter 846, 0.890625, 1.251711, 0.107
Train Iter 847, 0.859375, 1.436473, 0.109
Train Iter 848, 0.859375, 1.229141, 0.109
Train Iter 849, 0.929688, 0.981179, 0.109
Train Iter 850, 0.906250, 1.810311, 0.109
Train Iter 851, 0.875000, 1.399812, 0.109
Train Iter 852, 0.890625, 1.615145, 0.108
Train Iter 853, 0.773438, 1.802387, 0.109
Train Iter 854, 0.984375, 0.634598, 0.109
Train Iter 855, 0.914062, 1.217889, 0.108
Train Iter 856, 0.843750, 1.722070, 0.109
Train Iter 857, 1.000000, 0.279277, 0.106
Train Iter 858, 0.843750, 1.726410, 0.108
Train Iter 859, 1.000000, 0.678518, 0.108
Train Iter 860, 0.679688, 1.986704, 0.109
Train Iter 861, 0.906250, 0.706394, 0.105
Train Iter 862, 0.867188, 1.504272, 0.108
Train Iter 863, 0.921875, 1.116309, 0.107
Train Iter 864, 0.929688, 1.101447, 0.109
Train Iter 865, 0.859375, 1.483165, 0.107
Train Iter 866, 0.585938, 2.167175, 0.110
Train Iter 867, 0.875000, 1.258111, 0.109
Train Iter 868, 1.000000, 0.018603, 0.109
Train Iter 869, 0.945312, 0.961338, 0.110
Train Iter 870, 0.859375, 1.405138, 0.105
Train Iter 871, 0.960938, 1.006707, 0.108
Train Iter 872, 0.937500, 0.915556, 0.110
Train Iter 873, 0.882812, 1.321143, 0.108
Train Iter 874, 1.000000, 0.629925, 0.108
Train Iter 875, 0.953125, 0.841596, 0.110
Train Iter 876, 0.906250, 1.183421, 0.110
Train Iter 877, 0.976562, 0.788687, 0.107
Train Iter 878, 0.812500, 1.254012, 0.108
Train Iter 879, 0.812500, 1.701429, 0.108
Train Iter 880, 0.953125, 0.786580, 0.109
Train Iter 881, 0.898438, 1.108233, 0.110
Train Iter 882, 1.000000, 0.210577, 0.111
Train Iter 883, 0.914062, 0.793167, 0.108
Train Iter 884, 0.953125, 0.560694, 0.108
Train Iter 885, 0.828125, 1.490065, 0.111
Train Iter 886, 0.960938, 0.627759, 0.111
Train Iter 887, 0.781250, 1.652852, 0.106
Train Iter 888, 0.867188, 1.052961, 0.110
Train Iter 889, 0.859375, 1.102439, 0.108
Train Iter 890, 0.984375, 0.664685, 0.110
Train Iter 891, 0.710938, 1.820918, 0.110
Train Iter 892, 1.000000, 0.361713, 0.108
Train Iter 893, 0.796875, 1.563921, 0.110
Train Iter 894, 0.703125, 2.589624, 0.106
Train Iter 895, 0.812500, 1.852444, 0.109
Train Iter 896, 0.875000, 2.585246, 0.108
Train Iter 897, 0.820312, 1.152671, 0.108
Train Iter 898, 0.859375, 1.083205, 0.109
Train Iter 899, 0.992188, 0.598324, 0.108
Train Iter 900, 0.710938, 1.937759, 0.109
Train Iter 901, 0.906250, 1.215439, 0.111
Train Iter 902, 0.859375, 1.045429, 0.110
Train Iter 903, 0.960938, 0.750446, 0.107
Train Iter 904, 0.648438, 2.234101, 0.110
Train Iter 905, 0.859375, 0.800485, 0.109
Train Iter 906, 0.851562, 1.225159, 0.108
Train Iter 907, 0.875000, 1.354303, 0.109
Train Iter 908, 0.953125, 0.827437, 0.112
Train Iter 909, 0.726562, 1.998784, 0.110
Train Iter 910, 0.937500, 1.139749, 0.112
Train Iter 911, 0.843750, 1.593734, 0.109
Train Iter 912, 0.890625, 0.868702, 0.108
Train Iter 913, 0.914062, 1.208524, 0.109
Train Iter 914, 0.804688, 1.635373, 0.110
Train Iter 915, 0.812500, 1.440277, 0.107
Train Iter 916, 0.867188, 1.589766, 0.110
Train Iter 917, 0.875000, 1.198664, 0.109
Train Iter 918, 0.945312, 0.551079, 0.108
Train Iter 919, 0.921875, 0.862769, 0.108
Train Iter 920, 0.929688, 0.706632, 0.107
Train Iter 921, 0.679688, 2.166376, 0.107
Train Iter 922, 0.734375, 2.250661, 0.111
Train Iter 923, 1.000000, 0.626874, 0.109
Train Iter 924, 0.757812, 1.621964, 0.106
Train Iter 925, 0.921875, 0.784895, 0.108
Train Iter 926, 0.914062, 0.758742, 0.110
Train Iter 927, 0.984375, 0.367254, 0.107
Train Iter 928, 0.867188, 1.235835, 0.109
Train Iter 929, 0.804688, 1.507091, 0.110
Train Iter 930, 0.882812, 1.074230, 0.107
Train Iter 931, 0.851562, 0.995600, 0.110
Train Iter 932, 0.945312, 0.964792, 0.109
Train Iter 933, 0.867188, 1.769698, 0.107
Train Iter 934, 0.882812, 1.395840, 0.107
Train Iter 935, 1.000000, 0.258748, 0.110
Train Iter 936, 0.828125, 1.107546, 0.108
Train Iter 937, 0.945312, 0.872281, 0.109
Train Iter 938, 0.929688, 0.774973, 0.108
Train Iter 939, 0.804688, 0.976781, 0.110
Train Iter 940, 0.968750, 0.965835, 0.109
Train Iter 941, 0.789062, 1.430997, 0.110
Train Iter 942, 0.867188, 1.230736, 0.108
Train Iter 943, 0.976562, 0.521958, 0.108
Train Iter 944, 0.804688, 1.587488, 0.108
Train Iter 945, 0.726562, 2.212142, 0.108
Train Iter 946, 0.929688, 0.882096, 0.106
Train Iter 947, 1.000000, 0.320784, 0.106
Train Iter 948, 0.867188, 1.141871, 0.110
Train Iter 949, 0.906250, 0.971326, 0.108
Train Iter 950, 1.000000, 0.769103, 0.108
Train Iter 951, 1.000000, 0.528041, 0.107
Train Iter 952, 0.968750, 0.644697, 0.109
Train Iter 953, 0.929688, 1.028974, 0.110
Train Iter 954, 0.906250, 0.887149, 0.111
Train Iter 955, 0.648438, 2.001404, 0.110
Train Iter 956, 0.968750, 0.592361, 0.109
Train Iter 957, 0.976562, 0.586554, 0.109
Train Iter 958, 1.000000, 0.556703, 0.107
Train Iter 959, 1.000000, 0.003440, 0.110
Train Iter 960, 1.000000, 0.162209, 0.110
Train Iter 961, 0.968750, 0.507196, 0.109
Train Iter 962, 0.898438, 0.931015, 0.110
Train Iter 963, 0.867188, 1.190191, 0.109
Train Iter 964, 0.867188, 1.956756, 0.110
Train Iter 965, 0.945312, 0.563167, 0.110
Train Iter 966, 1.000000, 0.428083, 0.107
Train Iter 967, 0.843750, 1.263861, 0.111
Train Iter 968, 0.960938, 0.503499, 0.109
Train Iter 969, 1.000000, 0.307827, 0.106
Train Iter 970, 0.914062, 0.811884, 0.109
Train Iter 971, 0.929688, 0.772789, 0.109
Train Iter 972, 0.703125, 1.591447, 0.110
Train Iter 973, 0.828125, 1.428720, 0.109
Train Iter 974, 0.703125, 1.569389, 0.107
Train Iter 975, 0.937500, 0.946477, 0.108
Train Iter 976, 0.835938, 2.187366, 0.110
Train Iter 977, 0.835938, 1.986865, 0.108
Train Iter 978, 0.914062, 1.106181, 0.108
Train Iter 979, 0.750000, 2.207694, 0.106
Train Iter 980, 0.867188, 1.263624, 0.107
Train Iter 981, 0.906250, 0.912409, 0.107
Train Iter 982, 0.953125, 1.231484, 0.108
Train Iter 983, 1.000000, 0.680655, 0.107
Train Iter 984, 0.867188, 0.922564, 0.107
Train Iter 985, 1.000000, 0.337294, 0.110
Train Iter 986, 0.960938, 0.767919, 0.108
Train Iter 987, 1.000000, 0.381747, 0.109
Train Iter 988, 0.742188, 2.396444, 0.110
Train Iter 989, 0.890625, 1.097233, 0.109
Train Iter 990, 0.882812, 1.864675, 0.111
Train Iter 991, 0.890625, 1.009122, 0.109
Train Iter 992, 0.851562, 1.873079, 0.109
Train Iter 993, 0.968750, 0.577761, 0.107
Train Iter 994, 0.859375, 1.383447, 0.110
Train Iter 995, 0.859375, 1.422010, 0.106
Train Iter 996, 0.898438, 1.387968, 0.110
Train Iter 997, 0.968750, 0.581575, 0.108
Train Iter 998, 0.695312, 1.611698, 0.107
Train Iter 999, 0.921875, 1.934934, 0.111
Train Iter 1000, 0.898438, 1.364519, 0.110
Train Iter 1001, 0.851562, 0.940615, 0.107
Train Iter 1002, 0.921875, 0.702651, 0.109
Train Iter 1003, 0.804688, 2.447099, 0.107
Train Iter 1004, 0.867188, 1.090126, 0.107
Train Iter 1005, 0.898438, 1.067821, 0.110
Train Iter 1006, 0.812500, 1.455216, 0.109
Train Iter 1007, 0.960938, 0.366684, 0.107
Train Iter 1008, 0.945312, 0.604855, 0.107
Train Iter 1009, 0.976562, 0.357010, 0.107
Train Iter 1010, 0.781250, 1.490880, 0.111
Train Iter 1011, 0.851562, 1.378992, 0.107
Train Iter 1012, 0.812500, 1.673018, 0.108
Train Iter 1013, 0.828125, 1.545401, 0.108
Train Iter 1014, 1.000000, 0.163251, 0.107
Train Iter 1015, 0.804688, 2.650054, 0.106
Train Iter 1016, 0.867188, 0.961979, 0.110
Train Iter 1017, 0.843750, 1.574358, 0.108
Train Iter 1018, 0.890625, 1.693006, 0.107
Train Iter 1019, 0.812500, 1.849312, 0.109
Train Iter 1020, 1.000000, 0.414241, 0.106
Train Iter 1021, 0.906250, 0.978962, 0.110
Train Iter 1022, 0.882812, 1.107512, 0.108
Train Iter 1023, 0.820312, 1.687262, 0.111
Train Iter 1024, 0.914062, 1.654671, 0.109
Train Iter 1025, 0.882812, 1.308802, 0.108
Train Iter 1026, 0.781250, 1.822195, 0.112
Train Iter 1027, 0.796875, 1.441475, 0.110
Train Iter 1028, 0.898438, 1.653650, 0.108
Train Iter 1029, 0.773438, 1.551541, 0.111
Train Iter 1030, 0.929688, 0.789548, 0.108
Train Iter 1031, 0.812500, 1.886412, 0.109
Train Iter 1032, 0.992188, 0.976494, 0.108
Train Iter 1033, 0.828125, 1.467786, 0.108
Train Iter 1034, 0.984375, 0.684189, 0.110
Train Iter 1035, 0.921875, 1.156646, 0.108
Train Iter 1036, 0.859375, 1.335581, 0.109
Train Iter 1037, 1.000000, 0.426107, 0.110
Train Iter 1038, 0.812500, 1.861425, 0.111
Train Iter 1039, 0.773438, 1.798833, 0.109
Train Iter 1040, 0.867188, 1.551384, 0.109
Train Iter 1041, 0.640625, 2.549634, 0.106
Train Iter 1042, 0.960938, 0.630364, 0.107
Train Iter 1043, 0.859375, 1.447807, 0.111
Train Iter 1044, 0.953125, 0.981231, 0.105
Train Iter 1045, 1.000000, 0.412104, 0.111
Train Iter 1046, 0.804688, 1.731168, 0.110
Train Iter 1047, 0.734375, 2.148504, 0.106
Train Iter 1048, 1.000000, 0.361438, 0.109
Train Iter 1049, 0.828125, 1.825902, 0.111
Train Iter 1050, 0.890625, 0.878620, 0.107
Train Iter 1051, 0.718750, 1.916163, 0.111
Train Iter 1052, 0.875000, 0.844727, 0.109
Train Iter 1053, 1.000000, 0.291037, 0.106
Train Iter 1054, 0.882812, 1.162242, 0.105
Train Iter 1055, 1.000000, 0.436369, 0.111
Train Iter 1056, 0.906250, 1.159920, 0.107
Train Iter 1057, 1.000000, 0.466144, 0.108
Train Iter 1058, 1.000000, 0.001143, 0.106
Train Iter 1059, 0.937500, 1.024572, 0.108
Train Iter 1060, 1.000000, 0.501189, 0.109
Train Iter 1061, 0.859375, 1.464383, 0.109
Train Iter 1062, 1.000000, 0.155747, 0.110
Train Iter 1063, 0.757812, 1.434289, 0.107
Train Iter 1064, 0.898438, 1.184178, 0.109
Train Iter 1065, 0.960938, 0.590890, 0.108
Train Iter 1066, 1.000000, 0.494403, 0.110
Train Iter 1067, 0.882812, 1.009149, 0.109
Train Iter 1068, 0.898438, 1.109069, 0.109
Train Iter 1069, 0.820312, 1.587085, 0.107
Train Iter 1070, 0.703125, 1.636986, 0.111
Train Iter 1071, 0.921875, 1.325746, 0.109
Train Iter 1072, 0.773438, 1.926615, 0.108
Train Iter 1073, 0.828125, 1.600753, 0.108
Train Iter 1074, 0.765625, 1.855322, 0.108
Train Iter 1075, 0.781250, 1.773409, 0.110
Train Iter 1076, 1.000000, 0.140434, 0.109
Train Iter 1077, 0.914062, 1.217698, 0.110
Train Iter 1078, 0.898438, 0.780754, 0.107
Train Iter 1079, 0.726562, 2.356264, 0.108
Train Iter 1080, 0.984375, 0.657734, 0.110
Train Iter 1081, 1.000000, 0.404406, 0.109
Train Iter 1082, 0.851562, 1.148777, 0.107
Train Iter 1083, 0.750000, 1.948819, 0.108
Train Iter 1084, 0.976562, 0.586592, 0.110
Train Iter 1085, 0.882812, 1.385008, 0.110
Train Iter 1086, 0.687500, 1.762271, 0.108
Train Iter 1087, 0.820312, 1.684585, 0.113
Train Iter 1088, 1.000000, 0.213874, 0.108
Train Iter 1089, 0.523438, 2.620063, 0.109
Train Iter 1090, 0.968750, 0.798306, 0.109
Train Iter 1091, 0.796875, 1.746191, 0.107
Train Iter 1092, 1.000000, 0.493647, 0.106
Train Iter 1093, 0.976562, 0.807458, 0.110
Train Iter 1094, 0.914062, 0.898710, 0.108
Train Iter 1095, 0.945312, 0.683221, 0.105
Train Iter 1096, 0.773438, 1.889226, 0.111
Train Iter 1097, 0.937500, 0.786722, 0.105
Train Iter 1098, 1.000000, 0.476166, 0.112
Train Iter 1099, 0.882812, 1.171196, 0.108
Train Iter 1100, 0.773438, 2.238840, 0.108
Train Iter 1101, 0.929688, 1.140139, 0.109
Train Iter 1102, 0.828125, 1.492661, 0.108
Train Iter 1103, 0.937500, 0.622993, 0.109
Train Iter 1104, 0.937500, 1.203804, 0.109
Train Iter 1105, 0.976562, 0.319390, 0.108
Train Iter 1106, 0.828125, 1.494592, 0.106
Train Iter 1107, 0.906250, 1.021226, 0.109
Train Iter 1108, 0.828125, 1.204849, 0.107
Train Iter 1109, 0.914062, 0.931915, 0.108
Train Iter 1110, 0.664062, 2.378446, 0.108
Train Iter 1111, 0.937500, 0.759252, 0.105
Train Iter 1112, 0.851562, 0.910604, 0.107
Train Iter 1113, 0.734375, 2.435762, 0.107
Train Iter 1114, 1.000000, 0.502815, 0.107
Train Iter 1115, 0.906250, 1.065151, 0.109
Train Iter 1116, 0.945312, 1.286570, 0.107
Train Iter 1117, 0.906250, 1.476296, 0.110
Train Iter 1118, 0.921875, 1.143110, 0.108
Train Iter 1119, 0.914062, 1.138742, 0.109
Train Iter 1120, 0.890625, 0.845421, 0.109
Train Iter 1121, 0.890625, 1.121349, 0.107
Train Iter 1122, 0.875000, 0.967193, 0.108
Train Iter 1123, 0.757812, 2.098168, 0.105
Train Iter 1124, 1.000000, 0.578245, 0.105
Train Iter 1125, 0.820312, 1.473319, 0.109
Train Iter 1126, 1.000000, 0.332581, 0.108
Train Iter 1127, 0.875000, 1.627344, 0.105
Train Iter 1128, 1.000000, 0.472880, 0.107
Train Iter 1129, 0.976562, 0.755683, 0.111
Train Iter 1130, 0.906250, 1.168679, 0.110
Train Iter 1131, 0.851562, 1.542830, 0.109
Train Iter 1132, 0.859375, 2.015001, 0.110
Train Iter 1133, 0.914062, 0.855998, 0.108
Train Iter 1134, 1.000000, 0.434508, 0.107
Train Iter 1135, 0.921875, 0.788237, 0.108
Train Iter 1136, 0.812500, 1.180681, 0.111
Train Iter 1137, 1.000000, 0.234599, 0.107
Train Iter 1138, 0.937500, 1.001300, 0.112
Train Iter 1139, 0.906250, 0.896155, 0.110
Train Iter 1140, 0.882812, 1.354859, 0.108
Train Iter 1141, 0.937500, 0.343001, 0.109
Train Iter 1142, 0.960938, 0.256721, 0.106
Train Iter 1143, 0.804688, 1.413319, 0.110
Train Iter 1144, 1.000000, 0.131380, 0.106
Train Iter 1145, 0.687500, 1.984471, 0.108
Train Iter 1146, 0.898438, 1.014403, 0.105
Train Iter 1147, 0.882812, 1.228578, 0.110
Train Iter 1148, 0.859375, 1.076231, 0.109
Train Iter 1149, 0.921875, 1.024714, 0.106
Train Iter 1150, 0.875000, 1.690775, 0.107
Train Iter 1151, 0.796875, 1.297556, 0.107
Train Iter 1152, 0.859375, 1.202494, 0.109
Train Iter 1153, 0.914062, 0.900533, 0.108
Train Iter 1154, 0.968750, 0.613964, 0.111
Train Iter 1155, 0.867188, 0.969209, 0.108
Train Iter 1156, 0.960938, 0.644531, 0.107
Train Iter 1157, 0.804688, 1.358812, 0.104
Train Iter 1158, 1.000000, 0.244768, 0.110
Train Iter 1159, 0.890625, 1.360919, 0.109
Train Iter 1160, 0.937500, 0.443417, 0.108
Train Iter 1161, 0.656250, 2.119827, 0.106
Train Iter 1162, 1.000000, 0.022011, 0.108
Train Iter 1163, 0.906250, 0.745212, 0.111
Train Iter 1164, 0.906250, 0.815852, 0.109
Train Iter 1165, 1.000000, 0.034069, 0.107
Train Iter 1166, 0.945312, 0.586211, 0.108
Train Iter 1167, 0.929688, 0.926412, 0.107
Train Iter 1168, 0.976562, 0.489137, 0.109
Train Iter 1169, 0.984375, 0.446713, 0.107
Train Iter 1170, 1.000000, 0.202122, 0.109
Train Iter 1171, 1.000000, 0.030108, 0.108
Train Iter 1172, 0.734375, 1.819379, 0.110
Train Iter 1173, 0.945312, 0.649619, 0.109
Train Iter 1174, 0.828125, 1.411119, 0.108
Train Iter 1175, 0.906250, 1.217485, 0.108
Train Iter 1176, 1.000000, 0.176105, 0.109
Train Iter 1177, 0.906250, 0.927366, 0.109
Train Iter 1178, 0.875000, 1.241143, 0.110
Train Iter 1179, 0.671875, 1.848569, 0.108
Train Iter 1180, 0.914062, 1.188801, 0.109
Train Iter 1181, 0.968750, 0.352235, 0.111
Train Iter 1182, 1.000000, 0.239715, 0.107
Train Iter 1183, 0.859375, 1.342932, 0.110
Train Iter 1184, 0.812500, 1.697597, 0.110
Train Iter 1185, 0.859375, 1.553890, 0.108
Train Iter 1186, 0.968750, 0.687752, 0.109
Train Iter 1187, 0.898438, 1.267087, 0.107
Train Iter 1188, 0.835938, 2.700603, 0.109
Train Iter 1189, 0.726562, 2.117708, 0.110
Train Iter 1190, 0.828125, 1.237585, 0.108
Train Iter 1191, 0.968750, 0.784225, 0.107
Train Iter 1192, 0.953125, 0.770910, 0.108
Train Iter 1193, 0.945312, 0.309976, 0.107
Train Iter 1194, 0.906250, 1.232998, 0.109
Train Iter 1195, 0.867188, 0.756048, 0.107
Train Iter 1196, 0.843750, 1.644759, 0.108
Train Iter 1197, 0.750000, 1.647663, 0.109
Train Iter 1198, 0.796875, 1.567347, 0.109
Train Iter 1199, 1.000000, 0.383367, 0.110
Train Iter 1200, 0.789062, 1.738882, 0.110
Train Iter 1201, 1.000000, 0.216443, 0.108
Train Iter 1202, 0.695312, 2.840543, 0.106
Train Iter 1203, 0.648438, 1.970999, 0.108
Train Iter 1204, 0.882812, 1.060021, 0.106
Train Iter 1205, 1.000000, 0.706564, 0.107
Train Iter 1206, 0.976562, 0.456723, 0.107
Train Iter 1207, 0.882812, 0.899077, 0.109
Train Iter 1208, 0.937500, 1.227037, 0.108
Train Iter 1209, 0.773438, 1.400657, 0.109
Train Iter 1210, 0.742188, 1.528837, 0.108
Train Iter 1211, 0.921875, 0.722300, 0.107
Train Iter 1212, 0.929688, 0.700299, 0.111
Train Iter 1213, 0.984375, 0.609477, 0.111
Train Iter 1214, 0.929688, 0.854885, 0.111
Train Iter 1215, 0.656250, 2.115900, 0.107
Train Iter 1216, 1.000000, 0.305217, 0.106
Train Iter 1217, 0.960938, 0.667545, 0.110
Train Iter 1218, 1.000000, 0.730971, 0.108
Train Iter 1219, 0.882812, 0.638378, 0.109
Train Iter 1220, 0.921875, 1.061069, 0.106
Train Iter 1221, 0.960938, 0.705249, 0.111
Train Iter 1222, 0.890625, 1.175529, 0.111
Train Iter 1223, 0.625000, 2.332953, 0.108
Train Iter 1224, 0.968750, 0.566626, 0.110
Train Iter 1225, 1.000000, 0.466037, 0.109
Train Iter 1226, 1.000000, 0.385292, 0.109
Train Iter 1227, 0.773438, 2.185727, 0.109
Train Iter 1228, 0.757812, 2.592303, 0.109
Train Iter 1229, 1.000000, 0.303415, 0.106
Train Iter 1230, 0.898438, 0.555502, 0.107
Train Iter 1231, 0.960938, 0.665229, 0.111
Train Iter 1232, 0.859375, 1.035961, 0.108
Train Iter 1233, 0.859375, 1.412694, 0.108
Train Iter 1234, 0.859375, 1.787715, 0.110
Train Iter 1235, 0.859375, 1.536014, 0.108
Train Iter 1236, 0.890625, 1.082083, 0.110
Train Iter 1237, 0.882812, 2.178464, 0.107
Train Iter 1238, 0.875000, 1.279480, 0.108
Train Iter 1239, 0.976562, 0.798653, 0.112
Train Iter 1240, 1.000000, 0.393745, 0.108
Train Iter 1241, 0.914062, 0.780191, 0.110
Train Iter 1242, 0.765625, 2.397300, 0.108
Train Iter 1243, 1.000000, 0.545363, 0.109
Train Iter 1244, 1.000000, 0.155936, 0.107
Train Iter 1245, 1.000000, 0.117552, 0.109
Train Iter 1246, 0.992188, 0.626139, 0.110
Train Iter 1247, 0.523438, 3.105996, 0.108
Train Iter 1248, 0.851562, 1.051710, 0.108
Train Iter 1249, 0.921875, 1.032094, 0.106
Train Iter 1250, 0.875000, 1.211142, 0.111
Train Iter 1251, 0.695312, 1.886415, 0.107
Train Iter 1252, 0.937500, 1.393026, 0.110
Train Iter 1253, 0.875000, 1.358973, 0.108
Train Iter 1254, 0.757812, 1.384264, 0.111
Train Iter 1255, 0.882812, 1.414945, 0.109
Train Iter 1256, 0.804688, 1.935077, 0.110
Train Iter 1257, 0.921875, 0.749764, 0.110
Train Iter 1258, 0.812500, 1.404300, 0.107
Train Iter 1259, 0.421875, 2.817403, 0.106
Train Iter 1260, 0.937500, 0.879884, 0.110
Train Iter 1261, 1.000000, 0.068042, 0.108
Train Iter 1262, 0.804688, 1.747625, 0.107
Train Iter 1263, 0.960938, 0.880768, 0.106
Train Iter 1264, 0.945312, 1.053999, 0.110
Train Iter 1265, 0.906250, 1.612403, 0.110
Train Iter 1266, 1.000000, 0.386136, 0.110
Train Iter 1267, 0.906250, 0.893185, 0.108
Train Iter 1268, 0.843750, 1.775614, 0.111
Train Iter 1269, 0.867188, 1.462089, 0.109
Train Iter 1270, 0.867188, 1.732336, 0.106
Train Iter 1271, 0.843750, 1.724008, 0.110
Train Iter 1272, 0.859375, 1.447931, 0.110
Train Iter 1273, 0.898438, 1.305240, 0.111
Train Iter 1274, 0.898438, 1.396428, 0.107
Train Iter 1275, 0.890625, 0.887590, 0.111
Train Iter 1276, 0.835938, 1.501837, 0.110
Train Iter 1277, 1.000000, 0.313402, 0.110
Train Iter 1278, 0.890625, 1.384279, 0.108
Train Iter 1279, 0.914062, 0.810299, 0.110
Train Iter 1280, 0.671875, 2.266879, 0.107
Train Iter 1281, 1.000000, 0.550650, 0.109
Train Iter 1282, 0.804688, 1.535538, 0.107
Train Iter 1283, 0.968750, 0.482148, 0.110
Train Iter 1284, 0.843750, 0.932357, 0.109
Train Iter 1285, 0.875000, 1.026851, 0.108
Train Iter 1286, 1.000000, 0.003945, 0.105
Train Iter 1287, 0.781250, 1.102403, 0.110
Train Iter 1288, 0.929688, 1.171036, 0.109
Train Iter 1289, 1.000000, 0.550233, 0.110
Train Iter 1290, 0.929688, 0.862578, 0.111
Train Iter 1291, 0.960938, 0.370655, 0.111
Train Iter 1292, 0.921875, 1.018694, 0.110
Train Iter 1293, 0.820312, 1.371898, 0.109
Train Iter 1294, 0.882812, 1.031867, 0.110
Train Iter 1295, 0.789062, 1.877539, 0.108
Train Iter 1296, 0.851562, 0.472443, 0.108
Train Iter 1297, 0.921875, 1.068985, 0.107
Train Iter 1298, 0.914062, 0.753476, 0.109
Train Iter 1299, 0.914062, 0.857929, 0.111
Train Iter 1300, 1.000000, 0.849298, 0.109
Train Iter 1301, 0.890625, 1.457938, 0.109
Train Iter 1302, 0.859375, 1.450026, 0.107
Train Iter 1303, 0.757812, 1.825661, 0.110
Train Iter 1304, 0.921875, 0.643992, 0.110
Train Iter 1305, 1.000000, 0.351357, 0.110
Train Iter 1306, 0.921875, 0.852415, 0.108
Train Iter 1307, 0.742188, 1.710374, 0.107
Train Iter 1308, 0.835938, 1.268728, 0.109
Train Iter 1309, 0.648438, 1.638074, 0.109
Train Iter 1310, 0.875000, 1.297856, 0.107
Train Iter 1311, 0.859375, 1.207110, 0.109
Train Iter 1312, 0.773438, 1.356942, 0.107
Train Iter 1313, 0.890625, 0.913330, 0.108
Train Iter 1314, 0.781250, 1.554817, 0.108
Train Iter 1315, 0.945312, 0.619457, 0.108
Train Iter 1316, 0.921875, 0.909997, 0.108
Train Iter 1317, 0.953125, 0.605300, 0.109
Train Iter 1318, 1.000000, 0.178077, 0.114
Train Iter 1319, 1.000000, 0.352355, 0.106
Train Iter 1320, 1.000000, 0.271360, 0.108
Train Iter 1321, 0.953125, 0.845644, 0.108
Train Iter 1322, 0.945312, 0.808824, 0.110
Train Iter 1323, 0.960938, 0.676872, 0.109
Train Iter 1324, 0.789062, 1.569474, 0.107
Train Iter 1325, 0.851562, 1.140497, 0.110
Train Iter 1326, 0.953125, 0.672932, 0.110
Train Iter 1327, 0.234375, 3.853105, 0.111
Train Iter 1328, 0.265625, 7.790527, 0.109
Train Iter 1329, 0.875000, 0.876243, 0.108
Train Iter 1330, 0.789062, 1.794585, 0.107
Train Iter 1331, 0.843750, 1.576482, 0.107
Train Iter 1332, 0.664062, 1.744266, 0.110
Train Iter 1333, 0.828125, 1.903608, 0.108
Train Iter 1334, 0.851562, 1.674529, 0.109
Train Iter 1335, 1.000000, 0.620396, 0.107
Train Iter 1336, 0.968750, 1.000359, 0.108
Train Iter 1337, 0.875000, 1.501540, 0.106
Train Iter 1338, 0.859375, 0.993953, 0.110
Train Iter 1339, 0.867188, 1.280383, 0.110
Train Iter 1340, 0.835938, 2.277784, 0.111
Train Iter 1341, 1.000000, 0.098588, 0.111
Train Iter 1342, 0.906250, 1.353721, 0.109
Train Iter 1343, 0.625000, 2.229440, 0.108
Train Iter 1344, 0.953125, 0.745759, 0.107
Train Iter 1345, 0.828125, 1.401359, 0.108
Train Iter 1346, 1.000000, 0.593826, 0.109
Train Iter 1347, 0.929688, 0.942697, 0.109
Train Iter 1348, 0.718750, 1.584855, 0.109
Train Iter 1349, 0.687500, 2.354272, 0.110
Train Iter 1350, 0.703125, 2.239206, 0.110
Train Iter 1351, 0.914062, 1.296973, 0.107
Train Iter 1352, 0.875000, 1.604038, 0.107
Train Iter 1353, 0.812500, 1.897010, 0.110
Train Iter 1354, 0.632812, 2.084702, 0.107
Train Iter 1355, 0.789062, 1.824887, 0.109
Train Iter 1356, 0.828125, 1.723135, 0.107
Train Iter 1357, 1.000000, 0.540838, 0.110
Train Iter 1358, 0.867188, 1.602116, 0.110
Train Iter 1359, 0.992188, 0.614131, 0.110
Train Iter 1360, 1.000000, 0.564413, 0.108
Train Iter 1361, 0.929688, 1.002157, 0.112
Train Iter 1362, 1.000000, 0.086240, 0.110
Train Iter 1363, 0.906250, 1.000986, 0.108
Train Iter 1364, 0.843750, 1.446751, 0.107
Train Iter 1365, 0.828125, 1.851808, 0.109
Train Iter 1366, 0.953125, 0.568475, 0.107
Train Iter 1367, 0.796875, 2.071648, 0.110
Train Iter 1368, 0.835938, 1.634065, 0.111
Train Iter 1369, 0.960938, 0.624780, 0.110
Train Iter 1370, 0.921875, 0.986594, 0.108
Train Iter 1371, 0.765625, 1.855352, 0.109
Train Iter 1372, 0.671875, 1.918588, 0.111
Train Iter 1373, 0.929688, 0.672868, 0.109
Train Iter 1374, 1.000000, 0.066360, 0.108
Train Iter 1375, 0.703125, 2.080872, 0.108
Train Iter 1376, 0.929688, 1.138984, 0.108
Train Iter 1377, 0.976562, 0.621166, 0.106
Train Iter 1378, 0.875000, 0.820565, 0.111
Train Iter 1379, 0.960938, 0.655810, 0.109
Train Iter 1380, 0.835938, 1.561897, 0.108
Train Iter 1381, 0.937500, 1.255955, 0.108
Train Iter 1382, 0.953125, 0.354014, 0.107
Train Iter 1383, 0.750000, 2.035123, 0.107
Train Iter 1384, 0.875000, 1.094970, 0.105
Train Iter 1385, 0.843750, 1.178350, 0.109
Train Iter 1386, 0.851562, 1.364266, 0.111
Train Iter 1387, 0.937500, 1.044946, 0.108
Train Iter 1388, 0.828125, 1.499450, 0.111
Train Iter 1389, 1.000000, 0.153689, 0.109
Train Iter 1390, 0.617188, 2.039726, 0.110
Train Iter 1391, 0.890625, 0.829553, 0.109
Train Iter 1392, 0.726562, 1.897210, 0.111
Train Iter 1393, 0.984375, 0.404795, 0.109
Train Iter 1394, 0.875000, 1.345310, 0.107
Train Iter 1395, 0.820312, 1.508894, 0.106
Train Iter 1396, 0.890625, 1.007480, 0.109
Train Iter 1397, 0.992188, 0.635385, 0.109
Train Iter 1398, 0.906250, 0.715256, 0.108
Train Iter 1399, 0.937500, 0.797436, 0.109
Train Iter 1400, 0.898438, 1.011410, 0.110
Train Iter 1401, 0.921875, 0.757087, 0.107
Train Iter 1402, 0.835938, 0.840410, 0.108
Train Iter 1403, 1.000000, 0.046960, 0.108
Train Iter 1404, 0.937500, 1.314687, 0.108
Train Iter 1405, 0.937500, 0.898948, 0.110
Train Iter 1406, 0.906250, 1.054960, 0.109
Train Iter 1407, 1.000000, 0.014213, 0.111
Train Iter 1408, 0.968750, 0.559433, 0.111
Train Iter 1409, 0.937500, 0.554272, 0.108
Train Iter 1410, 0.898438, 0.797075, 0.107
Train Iter 1411, 0.898438, 0.963039, 0.107
Train Iter 1412, 0.898438, 0.759174, 0.108
Train Iter 1413, 0.867188, 1.210008, 0.111
Train Iter 1414, 0.953125, 0.650795, 0.106
Train Iter 1415, 0.976562, 0.724914, 0.110
Train Iter 1416, 0.867188, 0.993149, 0.106
Train Iter 1417, 0.984375, 0.375439, 0.110
Train Iter 1418, 0.820312, 1.516379, 0.107
Train Iter 1419, 0.914062, 0.683507, 0.108
Train Iter 1420, 0.929688, 1.027215, 0.109
Train Iter 1421, 0.812500, 1.191740, 0.106
Train Iter 1422, 0.914062, 0.888754, 0.106
Train Iter 1423, 0.945312, 0.584428, 0.107
Train Iter 1424, 0.765625, 2.097040, 0.107
Train Iter 1425, 0.835938, 1.074670, 0.110
Train Iter 1426, 0.960938, 0.689304, 0.109
Train Iter 1427, 0.882812, 1.507576, 0.108
Train Iter 1428, 0.695312, 1.906644, 0.111
Train Iter 1429, 0.828125, 1.207836, 0.110
Train Iter 1430, 0.984375, 0.404544, 0.109
Train Iter 1431, 0.945312, 0.755036, 0.110
Train Iter 1432, 1.000000, 0.049956, 0.110
Train Iter 1433, 1.000000, 0.278436, 0.107
Train Iter 1434, 0.757812, 2.128083, 0.109
Train Iter 1435, 0.968750, 0.514039, 0.108
Train Iter 1436, 0.820312, 1.412235, 0.109
Train Iter 1437, 1.000000, 0.257613, 0.111
Train Iter 1438, 0.890625, 0.846257, 0.107
Train Iter 1439, 0.820312, 1.582669, 0.112
Train Iter 1440, 0.906250, 0.771815, 0.109
Train Iter 1441, 0.976562, 0.512232, 0.108
Train Iter 1442, 1.000000, 0.276953, 0.106
Train Iter 1443, 1.000000, 0.141708, 0.112
Train Iter 1444, 0.851562, 1.356285, 0.109
Train Iter 1445, 0.906250, 1.458005, 0.107
Train Iter 1446, 0.851562, 1.594243, 0.110
Train Iter 1447, 0.789062, 1.886196, 0.107
Train Iter 1448, 1.000000, 0.121838, 0.107
Train Iter 1449, 0.921875, 1.113966, 0.108
Train Iter 1450, 0.937500, 0.881386, 0.109
Train Iter 1451, 0.921875, 0.802239, 0.107
Train Iter 1452, 0.867188, 0.967964, 0.110
Train Iter 1453, 0.929688, 0.873660, 0.105
Train Iter 1454, 0.835938, 1.486897, 0.107
Train Iter 1455, 0.945312, 0.492880, 0.110
Train Iter 1456, 1.000000, 0.027544, 0.108
Train Iter 1457, 0.757812, 1.858276, 0.111
Train Iter 1458, 0.914062, 0.967305, 0.107
Train Iter 1459, 0.835938, 1.395010, 0.108
Train Iter 1460, 0.859375, 1.408308, 0.108
Train Iter 1461, 0.757812, 2.630340, 0.108
Train Iter 1462, 1.000000, 0.082076, 0.110
Train Iter 1463, 1.000000, 0.242974, 0.107
Train Iter 1464, 0.976562, 0.378618, 0.109
Train Iter 1465, 0.984375, 0.593460, 0.108
Train Iter 1466, 0.921875, 0.741990, 0.106
Train Iter 1467, 0.968750, 0.476823, 0.110
Train Iter 1468, 0.992188, 0.543710, 0.107
Train Iter 1469, 0.890625, 1.009223, 0.108
Train Iter 1470, 0.937500, 0.682407, 0.111
Train Iter 1471, 0.843750, 1.109385, 0.109
Train Iter 1472, 1.000000, 0.085869, 0.111
Train Iter 1473, 0.812500, 1.256515, 0.109
Train Iter 1474, 0.960938, 0.663344, 0.107
Train Iter 1475, 0.882812, 0.960582, 0.109
Train Iter 1476, 0.984375, 0.337504, 0.111
Train Iter 1477, 1.000000, 0.350442, 0.107
Train Iter 1478, 1.000000, 0.205166, 0.110
Train Iter 1479, 0.945312, 0.678742, 0.108
Train Iter 1480, 0.664062, 1.770266, 0.107
Train Iter 1481, 0.968750, 0.829029, 0.107
Train Iter 1482, 0.937500, 0.429761, 0.108
Train Iter 1483, 1.000000, 0.570681, 0.111
Train Iter 1484, 0.703125, 1.814867, 0.108
Train Iter 1485, 0.851562, 1.531253, 0.108
Train Iter 1486, 0.914062, 0.945525, 0.110
Train Iter 1487, 0.796875, 1.600749, 0.112
Train Iter 1488, 1.000000, 0.669211, 0.107
Train Iter 1489, 0.835938, 1.690772, 0.108
Train Iter 1490, 0.851562, 1.078516, 0.108
Train Iter 1491, 0.921875, 1.042370, 0.109
Train Iter 1492, 0.921875, 1.573791, 0.110
Train Iter 1493, 0.960938, 0.412239, 0.108
Train Iter 1494, 0.945312, 1.360724, 0.109
Train Iter 1495, 0.875000, 1.123464, 0.110
Train Iter 1496, 0.671875, 2.070617, 0.107
Train Iter 1497, 0.921875, 0.963869, 0.112
Train Iter 1498, 1.000000, 0.269442, 0.109
Train Iter 1499, 0.726562, 1.698629, 0.110
Train Iter 1500, 1.000000, 0.492735, 0.109
Train Iter 1501, 0.867188, 1.143480, 0.110
Train Iter 1502, 0.539062, 2.244289, 0.109
Train Iter 1503, 1.000000, 0.001413, 0.108
Train Iter 1504, 1.000000, 0.225105, 0.111
Train Iter 1505, 0.976562, 0.633142, 0.108
Train Iter 1506, 0.835938, 1.176268, 0.110
Train Iter 1507, 0.945312, 0.528060, 0.109
Train Iter 1508, 0.914062, 1.110610, 0.109
Train Iter 1509, 0.937500, 1.023372, 0.107
Train Iter 1510, 0.921875, 0.492314, 0.109
Train Iter 1511, 1.000000, 0.187449, 0.113
Train Iter 1512, 0.812500, 1.188076, 0.111
Train Iter 1513, 0.945312, 0.544913, 0.107
Train Iter 1514, 0.875000, 1.547274, 0.106
Train Iter 1515, 0.976562, 0.502006, 0.107
Train Iter 1516, 1.000000, 0.132956, 0.105
Train Iter 1517, 0.937500, 0.944416, 0.107
Train Iter 1518, 0.945312, 0.809514, 0.107
Train Iter 1519, 0.921875, 0.689060, 0.109
Train Iter 1520, 0.195312, 4.201126, 0.107
Train Iter 1521, 0.867188, 1.187731, 0.111
Train Iter 1522, 0.968750, 0.549135, 0.108
Train Iter 1523, 0.828125, 1.727844, 0.106
Train Iter 1524, 0.859375, 2.531637, 0.108
Train Iter 1525, 0.960938, 0.553487, 0.110
Train Iter 1526, 0.773438, 2.215599, 0.109
Train Iter 1527, 0.968750, 0.435071, 0.109
Train Iter 1528, 0.914062, 1.119972, 0.109
Train Iter 1529, 0.781250, 1.898114, 0.105
Train Iter 1530, 0.976562, 0.287939, 0.110
Train Iter 1531, 0.953125, 1.113156, 0.109
Train Iter 1532, 0.804688, 2.279791, 0.105
Train Iter 1533, 0.914062, 0.711386, 0.111
Train Iter 1534, 0.890625, 1.326442, 0.111
Train Iter 1535, 0.882812, 1.260167, 0.109
Train Iter 1536, 1.000000, 0.266169, 0.109
Train Iter 1537, 0.906250, 1.214675, 0.110
Train Iter 1538, 1.000000, 0.040984, 0.111
Train Iter 1539, 0.929688, 1.256388, 0.107
Train Iter 1540, 0.984375, 0.803627, 0.108
Train Iter 1541, 1.000000, 0.479873, 0.107
Train Iter 1542, 1.000000, 0.028243, 0.105
Train Iter 1543, 0.890625, 0.878859, 0.108
Train Iter 1544, 0.992188, 0.485853, 0.113
Train Iter 1545, 0.875000, 1.675544, 0.108
Train Iter 1546, 1.000000, 0.300274, 0.109
Train Iter 1547, 0.937500, 0.649314, 0.110
Train Iter 1548, 0.843750, 1.135260, 0.107
Train Iter 1549, 0.875000, 1.440090, 0.110
Train Iter 1550, 0.953125, 0.737966, 0.107
Train Iter 1551, 0.992188, 0.436590, 0.110
Train Iter 1552, 0.796875, 1.364482, 0.108
Train Iter 1553, 0.875000, 0.983970, 0.109
Train Iter 1554, 0.945312, 0.714537, 0.106
Train Iter 1555, 0.671875, 1.590300, 0.109
Train Iter 1556, 1.000000, 0.161898, 0.106
Train Iter 1557, 0.726562, 1.647924, 0.106
Train Iter 1558, 0.867188, 1.880970, 0.107
Train Iter 1559, 0.960938, 0.285540, 0.106
Train Iter 1560, 0.750000, 1.623859, 0.109
Train Iter 1561, 0.945312, 1.059365, 0.110
Train Iter 1562, 0.906250, 0.850553, 0.108
Train Iter 1563, 1.000000, 0.186870, 0.108
Train Iter 1564, 0.882812, 1.482116, 0.108
Train Iter 1565, 0.843750, 1.852663, 0.108
Train Iter 1566, 0.859375, 1.634859, 0.108
Train Iter 1567, 0.960938, 0.699014, 0.107
Train Iter 1568, 0.937500, 1.239789, 0.107
Train Iter 1569, 0.875000, 1.411448, 0.107
Train Iter 1570, 0.703125, 1.763240, 0.107
Train Iter 1571, 0.867188, 0.999012, 0.109
Train Iter 1572, 0.867188, 2.084662, 0.110
Train Iter 1573, 1.000000, 0.131935, 0.109
Train Iter 1574, 0.937500, 0.861243, 0.108
Train Iter 1575, 0.695312, 2.104145, 0.108
Train Iter 1576, 0.812500, 1.771328, 0.106
Train Iter 1577, 1.000000, 0.262520, 0.111
Train Iter 1578, 0.695312, 1.868523, 0.106
Train Iter 1579, 0.875000, 1.655565, 0.110
Train Iter 1580, 1.000000, 0.123882, 0.108
Train Iter 1581, 0.703125, 1.706296, 0.109
Train Iter 1582, 0.515625, 2.323777, 0.111
Train Iter 1583, 0.812500, 1.938119, 0.110
Train Iter 1584, 0.796875, 1.582039, 0.109
Train Iter 1585, 0.781250, 1.331879, 0.108
Train Iter 1586, 0.882812, 1.033478, 0.108
Train Iter 1587, 0.671875, 1.632039, 0.109
Train Iter 1588, 0.929688, 0.597561, 0.107
Train Iter 1589, 0.843750, 1.255072, 0.109
Train Iter 1590, 0.968750, 0.713691, 0.111
Train Iter 1591, 0.843750, 1.899876, 0.110
Train Iter 1592, 0.812500, 1.211275, 0.108
Train Iter 1593, 0.804688, 1.812806, 0.110
Train Iter 1594, 0.890625, 1.310927, 0.106
Train Iter 1595, 0.953125, 0.811783, 0.110
Train Iter 1596, 0.960938, 0.892015, 0.107
Train Iter 1597, 0.914062, 1.229152, 0.108
Train Iter 1598, 0.953125, 0.923080, 0.111
Train Iter 1599, 0.960938, 0.918510, 0.107
Train Iter 1600, 0.875000, 1.699162, 0.110
Train Iter 1601, 0.820312, 1.802034, 0.106
Train Iter 1602, 0.953125, 0.759037, 0.110
Train Iter 1603, 0.898438, 0.873155, 0.110
Train Iter 1604, 1.000000, 0.127768, 0.111
Train Iter 1605, 0.726562, 2.130934, 0.109
Train Iter 1606, 0.921875, 0.904907, 0.109
Train Iter 1607, 0.765625, 1.325074, 0.111
Train Iter 1608, 0.914062, 2.559389, 0.106
Train Iter 1609, 0.937500, 0.937254, 0.108
Train Iter 1610, 0.789062, 1.888870, 0.109
Train Iter 1611, 1.000000, 0.291973, 0.109
Train Iter 1612, 0.890625, 1.363362, 0.111
Train Iter 1613, 0.773438, 1.884624, 0.110
Train Iter 1614, 0.937500, 0.632060, 0.108
Train Iter 1615, 0.765625, 2.049442, 0.107
Train Iter 1616, 0.968750, 0.815409, 0.109
Train Iter 1617, 0.875000, 1.213469, 0.109
Train Iter 1618, 0.648438, 2.198848, 0.108
Train Iter 1619, 1.000000, 0.608775, 0.109
Train Iter 1620, 0.828125, 1.540439, 0.109
Train Iter 1621, 1.000000, 0.031397, 0.108
Train Iter 1622, 1.000000, 0.591955, 0.106
Train Iter 1623, 1.000000, 0.490915, 0.108
Train Iter 1624, 0.828125, 1.769723, 0.110
Train Iter 1625, 0.906250, 1.033370, 0.108
Train Iter 1626, 0.945312, 0.982831, 0.110
Train Iter 1627, 1.000000, 0.616023, 0.109
Train Iter 1628, 0.984375, 0.463245, 0.110
Train Iter 1629, 0.976562, 0.788828, 0.110
Train Iter 1630, 0.906250, 1.371736, 0.110
Train Iter 1631, 0.945312, 0.682679, 0.107
Train Iter 1632, 0.906250, 0.748444, 0.107
Train Iter 1633, 0.960938, 0.846969, 0.108
Train Iter 1634, 0.710938, 1.938191, 0.109
Train Iter 1635, 0.773438, 1.799700, 0.111
Train Iter 1636, 0.976562, 0.461315, 0.109
Train Iter 1637, 0.906250, 1.025745, 0.109
Train Iter 1638, 1.000000, 0.821505, 0.107
Train Iter 1639, 0.820312, 1.572043, 0.108
Train Iter 1640, 0.757812, 1.613537, 0.110
Train Iter 1641, 0.945312, 1.011049, 0.107
Train Iter 1642, 1.000000, 0.253048, 0.110
Train Iter 1643, 0.945312, 0.564619, 0.108
Train Iter 1644, 0.867188, 1.033361, 0.107
Train Iter 1645, 0.937500, 0.771545, 0.108
Train Iter 1646, 0.820312, 1.003479, 0.109
Train Iter 1647, 1.000000, 0.347955, 0.113
Train Iter 1648, 0.976562, 0.322454, 0.111
Train Iter 1649, 0.843750, 1.511835, 0.111
Train Iter 1650, 0.945312, 0.765931, 0.108
Train Iter 1651, 1.000000, 0.446734, 0.112
Train Iter 1652, 0.875000, 1.273246, 0.123
Train Iter 1653, 1.000000, 0.294163, 0.120
Train Iter 1654, 0.882812, 1.348793, 0.131
Train Iter 1655, 1.000000, 0.207609, 0.112
Train Iter 1656, 0.921875, 0.799380, 0.114
Train Iter 1657, 0.882812, 1.250619, 0.110
Train Iter 1658, 0.859375, 1.153614, 0.113
Train Iter 1659, 0.859375, 0.982391, 0.113
Train Iter 1660, 1.000000, 0.255951, 0.116
Train Iter 1661, 0.937500, 0.590020, 0.115
Train Iter 1662, 0.585938, 2.337873, 0.111
Train Iter 1663, 0.875000, 0.817175, 0.108
Train Iter 1664, 0.742188, 1.779750, 0.107
Train Iter 1665, 0.859375, 1.068848, 0.111
Train Iter 1666, 0.703125, 2.312307, 0.106
Train Iter 1667, 0.781250, 1.809970, 0.110
Train Iter 1668, 0.898438, 0.865186, 0.107
Train Iter 1669, 0.875000, 0.880188, 0.116
Train Iter 1670, 0.859375, 1.652740, 0.114
Train Iter 1671, 0.906250, 1.215227, 0.113
Train Iter 1672, 0.750000, 3.502348, 0.114
Train Iter 1673, 0.937500, 0.391672, 0.116
Train Iter 1674, 0.929688, 0.753314, 0.114
Train Iter 1675, 0.835938, 1.215121, 0.108
Train Iter 1676, 0.867188, 1.242152, 0.111
Train Iter 1677, 0.859375, 1.097758, 0.110
Train Iter 1678, 0.968750, 0.709359, 0.109
Train Iter 1679, 0.812500, 2.119404, 0.110
Train Iter 1680, 0.953125, 0.599578, 0.109
Train Iter 1681, 0.796875, 1.622900, 0.109
Train Iter 1682, 1.000000, 0.377252, 0.112
Train Iter 1683, 0.914062, 0.571755, 0.119
Train Iter 1684, 0.718750, 1.714033, 0.115
Train Iter 1685, 0.984375, 0.169610, 0.118
Train Iter 1686, 0.953125, 1.085909, 0.114
Train Iter 1687, 0.843750, 1.434066, 0.110
Train Iter 1688, 1.000000, 0.569979, 0.110
Train Iter 1689, 0.773438, 1.673380, 0.111
Train Iter 1690, 0.875000, 1.033960, 0.115
Train Iter 1691, 0.796875, 1.617888, 0.115
Train Iter 1692, 0.953125, 0.581508, 0.111
Train Iter 1693, 0.750000, 1.874560, 0.111
Train Iter 1694, 1.000000, 0.401624, 0.111
Train Iter 1695, 0.906250, 0.954240, 0.118
Train Iter 1696, 0.960938, 0.662327, 0.109
Train Iter 1697, 0.820312, 1.668758, 0.111
Train Iter 1698, 0.921875, 0.750378, 0.111
Train Iter 1699, 0.953125, 0.655724, 0.109
Train Iter 1700, 0.859375, 0.783305, 0.110
Train Iter 1701, 1.000000, 0.012008, 0.108
Train Iter 1702, 1.000000, 0.193862, 0.108
Train Iter 1703, 0.945312, 0.886538, 0.107
Train Iter 1704, 1.000000, 0.032330, 0.106
Train Iter 1705, 0.804688, 1.278045, 0.106
Train Iter 1706, 0.968750, 0.736417, 0.108
Train Iter 1707, 0.906250, 0.810747, 0.104
Train Iter 1708, 1.000000, 0.275557, 0.108
Train Iter 1709, 0.960938, 0.721280, 0.111
Train Iter 1710, 0.953125, 0.919394, 0.106
Train Iter 1711, 0.921875, 0.493004, 0.109
Train Iter 1712, 0.898438, 0.987158, 0.108
Train Iter 1713, 0.992188, 0.243212, 0.107
Train Iter 1714, 0.953125, 0.702127, 0.108
Train Iter 1715, 0.867188, 0.827632, 0.106
Train Iter 1716, 0.945312, 0.850383, 0.110
Train Iter 1717, 0.867188, 1.398183, 0.108
Train Iter 1718, 1.000000, 0.086657, 0.107
Train Iter 1719, 0.828125, 1.283726, 0.109
Train Iter 1720, 0.867188, 1.568631, 0.110
Train Iter 1721, 0.851562, 1.824379, 0.107
Train Iter 1722, 0.921875, 0.914251, 0.108
Train Iter 1723, 1.000000, 0.322429, 0.107
Train Iter 1724, 0.796875, 1.853724, 0.109
Train Iter 1725, 0.671875, 2.306330, 0.108
Train Iter 1726, 0.960938, 0.722429, 0.108
Train Iter 1727, 1.000000, 0.053267, 0.106
Train Iter 1728, 0.937500, 0.457415, 0.109
Train Iter 1729, 0.906250, 0.930519, 0.112
Train Iter 1730, 0.953125, 0.892873, 0.110
Train Iter 1731, 0.851562, 1.368434, 0.109
Train Iter 1732, 1.000000, 0.372115, 0.111
Train Iter 1733, 0.859375, 0.950423, 0.110
Train Iter 1734, 0.734375, 2.016862, 0.107
Train Iter 1735, 0.835938, 1.660196, 0.112
Train Iter 1736, 1.000000, 0.198423, 0.112
Train Iter 1737, 0.835938, 1.277961, 0.110
Train Iter 1738, 0.945312, 0.929539, 0.108
Train Iter 1739, 0.921875, 0.938812, 0.108
Train Iter 1740, 1.000000, 0.244289, 0.107
Train Iter 1741, 0.945312, 1.137310, 0.107
Train Iter 1742, 0.921875, 0.676268, 0.108
Train Iter 1743, 1.000000, 0.204516, 0.111
Train Iter 1744, 0.890625, 0.872773, 0.111
Train Iter 1745, 1.000000, 0.202216, 0.107
Train Iter 1746, 0.968750, 0.437721, 0.108
Train Iter 1747, 0.773438, 1.675693, 0.109
Train Iter 1748, 0.976562, 0.190302, 0.109
Train Iter 1749, 0.953125, 0.599900, 0.109
Train Iter 1750, 0.906250, 0.676765, 0.109
Train Iter 1751, 0.882812, 1.108451, 0.108
Train Iter 1752, 0.773438, 1.363928, 0.106
Train Iter 1753, 0.859375, 0.968330, 0.105
Train Iter 1754, 0.882812, 1.016849, 0.112
Train Iter 1755, 0.984375, 0.211520, 0.108
Train Iter 1756, 0.914062, 1.082752, 0.110
Train Iter 1757, 0.593750, 2.772754, 0.107
Train Iter 1758, 0.710938, 2.366845, 0.108
Train Iter 1759, 0.929688, 1.087356, 0.108
Train Iter 1760, 0.953125, 0.667796, 0.111
Train Iter 1761, 1.000000, 0.375753, 0.112
