\BOOKMARK [0][-]{Doc-Start}{Abstract}{}% 1
\BOOKMARK [0][-]{Doc-Start}{Acknowledgment}{}% 2
\BOOKMARK [0][-]{section*.1}{Contents}{}% 3
\BOOKMARK [0][-]{chapter.1}{Introduction}{}% 4
\BOOKMARK [1][-]{section.1.1}{Background}{chapter.1}% 5
\BOOKMARK [2][-]{subsection.1.1.1}{Aerial Image}{section.1.1}% 6
\BOOKMARK [2][-]{subsection.1.1.2}{Image Segmentation}{section.1.1}% 7
\BOOKMARK [2][-]{subsection.1.1.3}{Geometrical Shape}{section.1.1}% 8
\BOOKMARK [1][-]{section.1.2}{Problem Definition}{chapter.1}% 9
\BOOKMARK [1][-]{section.1.3}{Focus of This Work}{chapter.1}% 10
\BOOKMARK [1][-]{section.1.4}{Thesis Organization}{chapter.1}% 11
\BOOKMARK [0][-]{chapter.2}{Related Work}{}% 12
\BOOKMARK [1][-]{section.2.1}{Previous Theses}{chapter.2}% 13
\BOOKMARK [1][-]{section.2.2}{Recent Models}{chapter.2}% 14
\BOOKMARK [2][-]{subsection.2.2.1}{PolygonRNN}{section.2.2}% 15
\BOOKMARK [2][-]{subsection.2.2.2}{Mask R-CNN}{section.2.2}% 16
\BOOKMARK [1][-]{section.2.3}{Motivation}{chapter.2}% 17
\BOOKMARK [0][-]{chapter.3}{Model Architecture}{}% 18
\BOOKMARK [1][-]{section.3.1}{PolygonRNN}{chapter.3}% 19
\BOOKMARK [2][-]{subsection.3.1.1}{CNN Part}{section.3.1}% 20
\BOOKMARK [2][-]{subsection.3.1.2}{RNN Part}{section.3.1}% 21
\BOOKMARK [1][-]{section.3.2}{Faster/Mask R-CNN}{chapter.3}% 22
\BOOKMARK [2][-]{subsection.3.2.1}{Region Proposal Network}{section.3.2}% 23
\BOOKMARK [2][-]{subsection.3.2.2}{Feature Pyramid Network}{section.3.2}% 24
\BOOKMARK [1][-]{section.3.3}{R-PolygonRNN}{chapter.3}% 25
\BOOKMARK [2][-]{subsection.3.3.1}{Two-step Model}{section.3.3}% 26
\BOOKMARK [2][-]{subsection.3.3.2}{Hybrid Model}{section.3.3}% 27
\BOOKMARK [0][-]{chapter.4}{Experiments and Results}{}% 28
\BOOKMARK [1][-]{section.4.1}{Ground Truth}{chapter.4}% 29
\BOOKMARK [2][-]{subsection.4.1.1}{Buildings and Areas}{section.4.1}% 30
\BOOKMARK [2][-]{subsection.4.1.2}{Google Static Maps API}{section.4.1}% 31
\BOOKMARK [2][-]{subsection.4.1.3}{OpenStreetMap}{section.4.1}% 32
\BOOKMARK [2][-]{subsection.4.1.4}{Problems of Training Set}{section.4.1}% 33
\BOOKMARK [2][-]{subsection.4.1.5}{Shift Adjustment}{section.4.1}% 34
\BOOKMARK [1][-]{section.4.2}{Implementation Details}{chapter.4}% 35
\BOOKMARK [2][-]{subsection.4.2.1}{Configuration}{section.4.2}% 36
\BOOKMARK [2][-]{subsection.4.2.2}{Training}{section.4.2}% 37
\BOOKMARK [2][-]{subsection.4.2.3}{Prediction}{section.4.2}% 38
\BOOKMARK [1][-]{section.4.3}{Experiment Results}{chapter.4}% 39
\BOOKMARK [2][-]{subsection.4.3.1}{Single Building Segmentation}{section.4.3}% 40
\BOOKMARK [2][-]{subsection.4.3.2}{Buildings Localization}{section.4.3}% 41
\BOOKMARK [2][-]{subsection.4.3.3}{R-PolygonRNN}{section.4.3}% 42
\BOOKMARK [0][-]{chapter.5}{Problems and Future Work}{}% 43
\BOOKMARK [1][-]{section.5.1}{Problems}{chapter.5}% 44
\BOOKMARK [2][-]{subsection.5.1.1}{Problem 1}{section.5.1}% 45
\BOOKMARK [2][-]{subsection.5.1.2}{Problem 2}{section.5.1}% 46
\BOOKMARK [1][-]{section.5.2}{Future Work}{chapter.5}% 47
\BOOKMARK [2][-]{subsection.5.2.1}{Ground Truth}{section.5.2}% 48
\BOOKMARK [2][-]{subsection.5.2.2}{Training Phase}{section.5.2}% 49
\BOOKMARK [2][-]{subsection.5.2.3}{Model Generalization}{section.5.2}% 50
\BOOKMARK [0][-]{chapter.6}{Introduction}{}% 51
\BOOKMARK [1][-]{section.6.1}{Features}{chapter.6}% 52
\BOOKMARK [2][-]{subsection.6.1.1}{Extra package includes}{section.6.1}% 53
\BOOKMARK [2][-]{subsection.6.1.2}{Layout setup}{section.6.1}% 54
\BOOKMARK [2][-]{subsection.6.1.3}{Theorem setup}{section.6.1}% 55
\BOOKMARK [2][-]{subsection.6.1.4}{Macro setup}{section.6.1}% 56
\BOOKMARK [0][-]{chapter.7}{Writing scientific texts in English}{}% 57
\BOOKMARK [1][-]{section.7.1}{Basic writing rules}{chapter.7}% 58
\BOOKMARK [1][-]{section.7.2}{Being nice to the reader}{chapter.7}% 59
\BOOKMARK [1][-]{section.7.3}{A few important grammar rules}{chapter.7}% 60
\BOOKMARK [1][-]{section.7.4}{Things you \(usually\) don't say in English}{chapter.7}% 61
\BOOKMARK [0][-]{chapter.8}{Typography}{}% 62
\BOOKMARK [1][-]{section.8.1}{Punctuation}{chapter.8}% 63
\BOOKMARK [1][-]{section.8.2}{Spacing}{chapter.8}% 64
\BOOKMARK [1][-]{section.8.3}{Choice of `fonts'}{chapter.8}% 65
\BOOKMARK [1][-]{section.8.4}{Displayed equations}{chapter.8}% 66
\BOOKMARK [1][-]{section.8.5}{Floats}{chapter.8}% 67
\BOOKMARK [0][-]{appendix.A}{Dummy Appendix}{}% 68
